{"/Users/gabrielpenalva/Documents/Skylab Hired/gabriel-penalva-skylab-hired/Client/skylab-hired/src/App.js": {"path":"/Users/gabrielpenalva/Documents/Skylab Hired/gabriel-penalva-skylab-hired/Client/skylab-hired/src/App.js","statementMap":{"0":{"start":{"line":21,"column":32},"end":{"line":21,"column":47}},"1":{"start":{"line":22,"column":26},"end":{"line":22,"column":40}},"2":{"start":{"line":23,"column":32},"end":{"line":23,"column":46}},"3":{"start":{"line":25,"column":2},"end":{"line":35,"column":22}},"4":{"start":{"line":26,"column":4},"end":{"line":26,"column":38}},"5":{"start":{"line":27,"column":14},"end":{"line":27,"column":29}},"6":{"start":{"line":28,"column":4},"end":{"line":28,"column":31}},"7":{"start":{"line":28,"column":18},"end":{"line":28,"column":31}},"8":{"start":{"line":29,"column":4},"end":{"line":31,"column":5}},"9":{"start":{"line":30,"column":6},"end":{"line":30,"column":19}},"10":{"start":{"line":32,"column":4},"end":{"line":34,"column":6}},"11":{"start":{"line":33,"column":6},"end":{"line":33,"column":50}},"12":{"start":{"line":38,"column":4},"end":{"line":38,"column":28}},"13":{"start":{"line":39,"column":4},"end":{"line":39,"column":34}},"14":{"start":{"line":40,"column":4},"end":{"line":40,"column":33}},"15":{"start":{"line":44,"column":2},"end":{"line":135,"column":4}},"16":{"start":{"line":50,"column":12},"end":{"line":55,"column":23}},"17":{"start":{"line":58,"column":12},"end":{"line":63,"column":23}},"18":{"start":{"line":71,"column":12},"end":{"line":76,"column":23}},"19":{"start":{"line":81,"column":12},"end":{"line":86,"column":23}},"20":{"start":{"line":89,"column":12},"end":{"line":94,"column":23}},"21":{"start":{"line":97,"column":12},"end":{"line":102,"column":23}},"22":{"start":{"line":105,"column":12},"end":{"line":111,"column":23}},"23":{"start":{"line":115,"column":12},"end":{"line":120,"column":23}},"24":{"start":{"line":123,"column":12},"end":{"line":128,"column":23}}},"fnMap":{"0":{"name":"App","decl":{"start":{"line":20,"column":9},"end":{"line":20,"column":12}},"loc":{"start":{"line":20,"column":15},"end":{"line":136,"column":1}},"line":20},"1":{"name":"(anonymous_1)","decl":{"start":{"line":25,"column":12},"end":{"line":25,"column":13}},"loc":{"start":{"line":25,"column":18},"end":{"line":35,"column":3}},"line":25},"2":{"name":"(anonymous_2)","decl":{"start":{"line":32,"column":11},"end":{"line":32,"column":12}},"loc":{"start":{"line":32,"column":17},"end":{"line":34,"column":5}},"line":32},"3":{"name":"onChange","decl":{"start":{"line":37,"column":11},"end":{"line":37,"column":19}},"loc":{"start":{"line":37,"column":22},"end":{"line":42,"column":3}},"line":37},"4":{"name":"(anonymous_4)","decl":{"start":{"line":49,"column":40},"end":{"line":49,"column":41}},"loc":{"start":{"line":50,"column":12},"end":{"line":55,"column":23}},"line":50},"5":{"name":"(anonymous_5)","decl":{"start":{"line":57,"column":42},"end":{"line":57,"column":43}},"loc":{"start":{"line":58,"column":12},"end":{"line":63,"column":23}},"line":58},"6":{"name":"(anonymous_6)","decl":{"start":{"line":70,"column":40},"end":{"line":70,"column":41}},"loc":{"start":{"line":71,"column":12},"end":{"line":76,"column":23}},"line":71},"7":{"name":"(anonymous_7)","decl":{"start":{"line":80,"column":38},"end":{"line":80,"column":39}},"loc":{"start":{"line":81,"column":12},"end":{"line":86,"column":23}},"line":81},"8":{"name":"(anonymous_8)","decl":{"start":{"line":88,"column":41},"end":{"line":88,"column":42}},"loc":{"start":{"line":89,"column":12},"end":{"line":94,"column":23}},"line":89},"9":{"name":"(anonymous_9)","decl":{"start":{"line":96,"column":49},"end":{"line":96,"column":50}},"loc":{"start":{"line":97,"column":12},"end":{"line":102,"column":23}},"line":97},"10":{"name":"(anonymous_10)","decl":{"start":{"line":104,"column":46},"end":{"line":104,"column":47}},"loc":{"start":{"line":105,"column":12},"end":{"line":111,"column":23}},"line":105},"11":{"name":"(anonymous_11)","decl":{"start":{"line":114,"column":51},"end":{"line":114,"column":52}},"loc":{"start":{"line":115,"column":12},"end":{"line":120,"column":23}},"line":115},"12":{"name":"(anonymous_12)","decl":{"start":{"line":122,"column":42},"end":{"line":122,"column":43}},"loc":{"start":{"line":123,"column":12},"end":{"line":128,"column":23}},"line":123}},"branchMap":{"0":{"loc":{"start":{"line":28,"column":4},"end":{"line":28,"column":31}},"type":"if","locations":[{"start":{"line":28,"column":4},"end":{"line":28,"column":31}},{"start":{"line":28,"column":4},"end":{"line":28,"column":31}}],"line":28},"1":{"loc":{"start":{"line":29,"column":4},"end":{"line":31,"column":5}},"type":"if","locations":[{"start":{"line":29,"column":4},"end":{"line":31,"column":5}},{"start":{"line":29,"column":4},"end":{"line":31,"column":5}}],"line":29},"2":{"loc":{"start":{"line":47,"column":7},"end":{"line":65,"column":18}},"type":"binary-expr","locations":[{"start":{"line":47,"column":7},"end":{"line":47,"column":12}},{"start":{"line":48,"column":8},"end":{"line":65,"column":17}}],"line":47},"3":{"loc":{"start":{"line":53,"column":15},"end":{"line":53,"column":35}},"type":"binary-expr","locations":[{"start":{"line":53,"column":15},"end":{"line":53,"column":24}},{"start":{"line":53,"column":28},"end":{"line":53,"column":35}}],"line":53},"4":{"loc":{"start":{"line":61,"column":15},"end":{"line":61,"column":35}},"type":"binary-expr","locations":[{"start":{"line":61,"column":15},"end":{"line":61,"column":24}},{"start":{"line":61,"column":28},"end":{"line":61,"column":35}}],"line":61},"5":{"loc":{"start":{"line":67,"column":7},"end":{"line":132,"column":18}},"type":"binary-expr","locations":[{"start":{"line":67,"column":7},"end":{"line":67,"column":13}},{"start":{"line":69,"column":8},"end":{"line":132,"column":17}}],"line":67},"6":{"loc":{"start":{"line":74,"column":15},"end":{"line":74,"column":35}},"type":"binary-expr","locations":[{"start":{"line":74,"column":15},"end":{"line":74,"column":24}},{"start":{"line":74,"column":28},"end":{"line":74,"column":35}}],"line":74},"7":{"loc":{"start":{"line":83,"column":15},"end":{"line":83,"column":52}},"type":"binary-expr","locations":[{"start":{"line":83,"column":15},"end":{"line":83,"column":24}},{"start":{"line":83,"column":28},"end":{"line":83,"column":52}}],"line":83},"8":{"loc":{"start":{"line":84,"column":15},"end":{"line":84,"column":35}},"type":"binary-expr","locations":[{"start":{"line":84,"column":15},"end":{"line":84,"column":24}},{"start":{"line":84,"column":28},"end":{"line":84,"column":35}}],"line":84},"9":{"loc":{"start":{"line":92,"column":15},"end":{"line":92,"column":35}},"type":"binary-expr","locations":[{"start":{"line":92,"column":15},"end":{"line":92,"column":24}},{"start":{"line":92,"column":28},"end":{"line":92,"column":35}}],"line":92},"10":{"loc":{"start":{"line":100,"column":15},"end":{"line":100,"column":35}},"type":"binary-expr","locations":[{"start":{"line":100,"column":15},"end":{"line":100,"column":24}},{"start":{"line":100,"column":28},"end":{"line":100,"column":35}}],"line":100},"11":{"loc":{"start":{"line":108,"column":15},"end":{"line":108,"column":35}},"type":"binary-expr","locations":[{"start":{"line":108,"column":15},"end":{"line":108,"column":24}},{"start":{"line":108,"column":28},"end":{"line":108,"column":35}}],"line":108},"12":{"loc":{"start":{"line":118,"column":15},"end":{"line":118,"column":35}},"type":"binary-expr","locations":[{"start":{"line":118,"column":15},"end":{"line":118,"column":24}},{"start":{"line":118,"column":28},"end":{"line":118,"column":35}}],"line":118},"13":{"loc":{"start":{"line":126,"column":15},"end":{"line":126,"column":35}},"type":"binary-expr","locations":[{"start":{"line":126,"column":15},"end":{"line":126,"column":24}},{"start":{"line":126,"column":28},"end":{"line":126,"column":35}}],"line":126}},"s":{"0":0,"1":0,"2":0,"3":0,"4":0,"5":0,"6":0,"7":0,"8":0,"9":0,"10":0,"11":0,"12":0,"13":0,"14":0,"15":0,"16":0,"17":0,"18":0,"19":0,"20":0,"21":0,"22":0,"23":0,"24":0},"f":{"0":0,"1":0,"2":0,"3":0,"4":0,"5":0,"6":0,"7":0,"8":0,"9":0,"10":0,"11":0,"12":0},"b":{"0":[0,0],"1":[0,0],"2":[0,0],"3":[0,0],"4":[0,0],"5":[0,0],"6":[0,0],"7":[0,0],"8":[0,0],"9":[0,0],"10":[0,0],"11":[0,0],"12":[0,0],"13":[0,0]},"hash":"f0432e09b9be3dcb1b5bc82a57096d4c6eae8bfc"}
,"/Users/gabrielpenalva/Documents/Skylab Hired/gabriel-penalva-skylab-hired/Client/skylab-hired/src/index.js": {"path":"/Users/gabrielpenalva/Documents/Skylab Hired/gabriel-penalva-skylab-hired/Client/skylab-hired/src/index.js","statementMap":{"0":{"start":{"line":10,"column":0},"end":{"line":17,"column":2}},"1":{"start":{"line":23,"column":0},"end":{"line":23,"column":27}}},"fnMap":{},"branchMap":{},"s":{"0":0,"1":0},"f":{},"b":{},"hash":"0c61029fc7eb91c84c72e26e53673ef32a8a6b1e"}
,"/Users/gabrielpenalva/Documents/Skylab Hired/gabriel-penalva-skylab-hired/Client/skylab-hired/src/serviceWorker.js": {"path":"/Users/gabrielpenalva/Documents/Skylab Hired/gabriel-penalva-skylab-hired/Client/skylab-hired/src/serviceWorker.js","statementMap":{"0":{"start":{"line":13,"column":20},"end":{"line":21,"column":1}},"1":{"start":{"line":24,"column":2},"end":{"line":54,"column":3}},"2":{"start":{"line":26,"column":22},"end":{"line":26,"column":75}},"3":{"start":{"line":27,"column":4},"end":{"line":32,"column":5}},"4":{"start":{"line":31,"column":6},"end":{"line":31,"column":13}},"5":{"start":{"line":34,"column":4},"end":{"line":53,"column":7}},"6":{"start":{"line":35,"column":20},"end":{"line":35,"column":65}},"7":{"start":{"line":37,"column":6},"end":{"line":52,"column":7}},"8":{"start":{"line":39,"column":8},"end":{"line":39,"column":47}},"9":{"start":{"line":43,"column":8},"end":{"line":48,"column":11}},"10":{"start":{"line":44,"column":10},"end":{"line":47,"column":12}},"11":{"start":{"line":51,"column":8},"end":{"line":51,"column":39}},"12":{"start":{"line":58,"column":2},"end":{"line":98,"column":7}},"13":{"start":{"line":61,"column":6},"end":{"line":94,"column":8}},"14":{"start":{"line":62,"column":33},"end":{"line":62,"column":56}},"15":{"start":{"line":63,"column":8},"end":{"line":65,"column":9}},"16":{"start":{"line":64,"column":10},"end":{"line":64,"column":17}},"17":{"start":{"line":66,"column":8},"end":{"line":93,"column":10}},"18":{"start":{"line":67,"column":10},"end":{"line":92,"column":11}},"19":{"start":{"line":68,"column":12},"end":{"line":91,"column":13}},"20":{"start":{"line":72,"column":14},"end":{"line":75,"column":16}},"21":{"start":{"line":78,"column":14},"end":{"line":80,"column":15}},"22":{"start":{"line":79,"column":16},"end":{"line":79,"column":46}},"23":{"start":{"line":85,"column":14},"end":{"line":85,"column":64}},"24":{"start":{"line":88,"column":14},"end":{"line":90,"column":15}},"25":{"start":{"line":89,"column":16},"end":{"line":89,"column":47}},"26":{"start":{"line":97,"column":6},"end":{"line":97,"column":72}},"27":{"start":{"line":103,"column":2},"end":{"line":128,"column":7}},"28":{"start":{"line":108,"column":26},"end":{"line":108,"column":62}},"29":{"start":{"line":109,"column":6},"end":{"line":122,"column":7}},"30":{"start":{"line":114,"column":8},"end":{"line":118,"column":11}},"31":{"start":{"line":115,"column":10},"end":{"line":117,"column":13}},"32":{"start":{"line":116,"column":12},"end":{"line":116,"column":37}},"33":{"start":{"line":121,"column":8},"end":{"line":121,"column":39}},"34":{"start":{"line":125,"column":6},"end":{"line":127,"column":8}},"35":{"start":{"line":132,"column":2},"end":{"line":140,"column":3}},"36":{"start":{"line":133,"column":4},"end":{"line":139,"column":9}},"37":{"start":{"line":135,"column":8},"end":{"line":135,"column":34}},"38":{"start":{"line":138,"column":8},"end":{"line":138,"column":37}}},"fnMap":{"0":{"name":"register","decl":{"start":{"line":23,"column":16},"end":{"line":23,"column":24}},"loc":{"start":{"line":23,"column":33},"end":{"line":55,"column":1}},"line":23},"1":{"name":"(anonymous_1)","decl":{"start":{"line":34,"column":36},"end":{"line":34,"column":37}},"loc":{"start":{"line":34,"column":42},"end":{"line":53,"column":5}},"line":34},"2":{"name":"(anonymous_2)","decl":{"start":{"line":43,"column":43},"end":{"line":43,"column":44}},"loc":{"start":{"line":43,"column":49},"end":{"line":48,"column":9}},"line":43},"3":{"name":"registerValidSW","decl":{"start":{"line":57,"column":9},"end":{"line":57,"column":24}},"loc":{"start":{"line":57,"column":40},"end":{"line":99,"column":1}},"line":57},"4":{"name":"(anonymous_4)","decl":{"start":{"line":60,"column":10},"end":{"line":60,"column":11}},"loc":{"start":{"line":60,"column":26},"end":{"line":95,"column":5}},"line":60},"5":{"name":"(anonymous_5)","decl":{"start":{"line":61,"column":35},"end":{"line":61,"column":36}},"loc":{"start":{"line":61,"column":41},"end":{"line":94,"column":7}},"line":61},"6":{"name":"(anonymous_6)","decl":{"start":{"line":66,"column":41},"end":{"line":66,"column":42}},"loc":{"start":{"line":66,"column":47},"end":{"line":93,"column":9}},"line":66},"7":{"name":"(anonymous_7)","decl":{"start":{"line":96,"column":11},"end":{"line":96,"column":12}},"loc":{"start":{"line":96,"column":20},"end":{"line":98,"column":5}},"line":96},"8":{"name":"checkValidServiceWorker","decl":{"start":{"line":101,"column":9},"end":{"line":101,"column":32}},"loc":{"start":{"line":101,"column":48},"end":{"line":129,"column":1}},"line":101},"9":{"name":"(anonymous_9)","decl":{"start":{"line":106,"column":10},"end":{"line":106,"column":11}},"loc":{"start":{"line":106,"column":22},"end":{"line":123,"column":5}},"line":106},"10":{"name":"(anonymous_10)","decl":{"start":{"line":114,"column":43},"end":{"line":114,"column":44}},"loc":{"start":{"line":114,"column":59},"end":{"line":118,"column":9}},"line":114},"11":{"name":"(anonymous_11)","decl":{"start":{"line":115,"column":41},"end":{"line":115,"column":42}},"loc":{"start":{"line":115,"column":47},"end":{"line":117,"column":11}},"line":115},"12":{"name":"(anonymous_12)","decl":{"start":{"line":124,"column":11},"end":{"line":124,"column":12}},"loc":{"start":{"line":124,"column":17},"end":{"line":128,"column":5}},"line":124},"13":{"name":"unregister","decl":{"start":{"line":131,"column":16},"end":{"line":131,"column":26}},"loc":{"start":{"line":131,"column":29},"end":{"line":141,"column":1}},"line":131},"14":{"name":"(anonymous_14)","decl":{"start":{"line":134,"column":12},"end":{"line":134,"column":13}},"loc":{"start":{"line":134,"column":28},"end":{"line":136,"column":7}},"line":134},"15":{"name":"(anonymous_15)","decl":{"start":{"line":137,"column":13},"end":{"line":137,"column":14}},"loc":{"start":{"line":137,"column":22},"end":{"line":139,"column":7}},"line":137}},"branchMap":{"0":{"loc":{"start":{"line":14,"column":2},"end":{"line":20,"column":5}},"type":"binary-expr","locations":[{"start":{"line":14,"column":2},"end":{"line":14,"column":42}},{"start":{"line":16,"column":4},"end":{"line":16,"column":40}},{"start":{"line":18,"column":4},"end":{"line":20,"column":5}}],"line":14},"1":{"loc":{"start":{"line":24,"column":2},"end":{"line":54,"column":3}},"type":"if","locations":[{"start":{"line":24,"column":2},"end":{"line":54,"column":3}},{"start":{"line":24,"column":2},"end":{"line":54,"column":3}}],"line":24},"2":{"loc":{"start":{"line":24,"column":6},"end":{"line":24,"column":75}},"type":"binary-expr","locations":[{"start":{"line":24,"column":6},"end":{"line":24,"column":43}},{"start":{"line":24,"column":47},"end":{"line":24,"column":75}}],"line":24},"3":{"loc":{"start":{"line":27,"column":4},"end":{"line":32,"column":5}},"type":"if","locations":[{"start":{"line":27,"column":4},"end":{"line":32,"column":5}},{"start":{"line":27,"column":4},"end":{"line":32,"column":5}}],"line":27},"4":{"loc":{"start":{"line":37,"column":6},"end":{"line":52,"column":7}},"type":"if","locations":[{"start":{"line":37,"column":6},"end":{"line":52,"column":7}},{"start":{"line":37,"column":6},"end":{"line":52,"column":7}}],"line":37},"5":{"loc":{"start":{"line":63,"column":8},"end":{"line":65,"column":9}},"type":"if","locations":[{"start":{"line":63,"column":8},"end":{"line":65,"column":9}},{"start":{"line":63,"column":8},"end":{"line":65,"column":9}}],"line":63},"6":{"loc":{"start":{"line":67,"column":10},"end":{"line":92,"column":11}},"type":"if","locations":[{"start":{"line":67,"column":10},"end":{"line":92,"column":11}},{"start":{"line":67,"column":10},"end":{"line":92,"column":11}}],"line":67},"7":{"loc":{"start":{"line":68,"column":12},"end":{"line":91,"column":13}},"type":"if","locations":[{"start":{"line":68,"column":12},"end":{"line":91,"column":13}},{"start":{"line":68,"column":12},"end":{"line":91,"column":13}}],"line":68},"8":{"loc":{"start":{"line":78,"column":14},"end":{"line":80,"column":15}},"type":"if","locations":[{"start":{"line":78,"column":14},"end":{"line":80,"column":15}},{"start":{"line":78,"column":14},"end":{"line":80,"column":15}}],"line":78},"9":{"loc":{"start":{"line":78,"column":18},"end":{"line":78,"column":43}},"type":"binary-expr","locations":[{"start":{"line":78,"column":18},"end":{"line":78,"column":24}},{"start":{"line":78,"column":28},"end":{"line":78,"column":43}}],"line":78},"10":{"loc":{"start":{"line":88,"column":14},"end":{"line":90,"column":15}},"type":"if","locations":[{"start":{"line":88,"column":14},"end":{"line":90,"column":15}},{"start":{"line":88,"column":14},"end":{"line":90,"column":15}}],"line":88},"11":{"loc":{"start":{"line":88,"column":18},"end":{"line":88,"column":44}},"type":"binary-expr","locations":[{"start":{"line":88,"column":18},"end":{"line":88,"column":24}},{"start":{"line":88,"column":28},"end":{"line":88,"column":44}}],"line":88},"12":{"loc":{"start":{"line":109,"column":6},"end":{"line":122,"column":7}},"type":"if","locations":[{"start":{"line":109,"column":6},"end":{"line":122,"column":7}},{"start":{"line":109,"column":6},"end":{"line":122,"column":7}}],"line":109},"13":{"loc":{"start":{"line":110,"column":8},"end":{"line":111,"column":73}},"type":"binary-expr","locations":[{"start":{"line":110,"column":8},"end":{"line":110,"column":31}},{"start":{"line":111,"column":9},"end":{"line":111,"column":28}},{"start":{"line":111,"column":32},"end":{"line":111,"column":72}}],"line":110},"14":{"loc":{"start":{"line":132,"column":2},"end":{"line":140,"column":3}},"type":"if","locations":[{"start":{"line":132,"column":2},"end":{"line":140,"column":3}},{"start":{"line":132,"column":2},"end":{"line":140,"column":3}}],"line":132}},"s":{"0":0,"1":0,"2":0,"3":0,"4":0,"5":0,"6":0,"7":0,"8":0,"9":0,"10":0,"11":0,"12":0,"13":0,"14":0,"15":0,"16":0,"17":0,"18":0,"19":0,"20":0,"21":0,"22":0,"23":0,"24":0,"25":0,"26":0,"27":0,"28":0,"29":0,"30":0,"31":0,"32":0,"33":0,"34":0,"35":0,"36":0,"37":0,"38":0},"f":{"0":0,"1":0,"2":0,"3":0,"4":0,"5":0,"6":0,"7":0,"8":0,"9":0,"10":0,"11":0,"12":0,"13":0,"14":0,"15":0},"b":{"0":[0,0,0],"1":[0,0],"2":[0,0],"3":[0,0],"4":[0,0],"5":[0,0],"6":[0,0],"7":[0,0],"8":[0,0],"9":[0,0],"10":[0,0],"11":[0,0],"12":[0,0],"13":[0,0,0],"14":[0,0]},"hash":"ac5b985421f923843b091ae2a5163017ec2ffbab"}
,"/Users/gabrielpenalva/Documents/Skylab Hired/gabriel-penalva-skylab-hired/Client/skylab-hired/src/actions/URL.js": {"path":"/Users/gabrielpenalva/Documents/Skylab Hired/gabriel-penalva-skylab-hired/Client/skylab-hired/src/actions/URL.js","statementMap":{"0":{"start":{"line":1,"column":11},"end":{"line":1,"column":25}},"1":{"start":{"line":2,"column":12},"end":{"line":12,"column":1}}},"fnMap":{},"branchMap":{},"s":{"0":1,"1":1},"f":{},"b":{},"_coverageSchema":"43e27e138ebf9cfc5966b082cf9a028302ed4184","hash":"41dc9d9d904d8274b7b2d49f54c9c604d950d21e"}
,"/Users/gabrielpenalva/Documents/Skylab Hired/gabriel-penalva-skylab-hired/Client/skylab-hired/src/actions/actionTypes.js": {"path":"/Users/gabrielpenalva/Documents/Skylab Hired/gabriel-penalva-skylab-hired/Client/skylab-hired/src/actions/actionTypes.js","statementMap":{},"fnMap":{},"branchMap":{},"s":{},"f":{},"b":{},"_coverageSchema":"43e27e138ebf9cfc5966b082cf9a028302ed4184","hash":"31bc4de3acbf254c018ef27193a2f40c89c823bb"}
,"/Users/gabrielpenalva/Documents/Skylab Hired/gabriel-penalva-skylab-hired/Client/skylab-hired/src/actions/userActions.js": {"path":"/Users/gabrielpenalva/Documents/Skylab Hired/gabriel-penalva-skylab-hired/Client/skylab-hired/src/actions/userActions.js","statementMap":{"0":{"start":{"line":7,"column":4},"end":{"line":17,"column":5}},"1":{"start":{"line":8,"column":8},"end":{"line":11,"column":10}},"2":{"start":{"line":13,"column":8},"end":{"line":16,"column":10}},"3":{"start":{"line":21,"column":4},"end":{"line":31,"column":5}},"4":{"start":{"line":22,"column":8},"end":{"line":25,"column":10}},"5":{"start":{"line":27,"column":8},"end":{"line":30,"column":10}},"6":{"start":{"line":35,"column":18},"end":{"line":35,"column":63}},"7":{"start":{"line":36,"column":4},"end":{"line":40,"column":6}},"8":{"start":{"line":37,"column":8},"end":{"line":37,"column":61}},"9":{"start":{"line":39,"column":8},"end":{"line":39,"column":38}},"10":{"start":{"line":46,"column":4},"end":{"line":66,"column":5}},"11":{"start":{"line":48,"column":8},"end":{"line":60,"column":9}},"12":{"start":{"line":49,"column":12},"end":{"line":49,"column":84}},"13":{"start":{"line":50,"column":12},"end":{"line":53,"column":14}},"14":{"start":{"line":56,"column":12},"end":{"line":59,"column":14}},"15":{"start":{"line":64,"column":8},"end":{"line":64,"column":38}},"16":{"start":{"line":70,"column":4},"end":{"line":78,"column":5}},"17":{"start":{"line":71,"column":8},"end":{"line":71,"column":58}},"18":{"start":{"line":76,"column":8},"end":{"line":76,"column":38}},"19":{"start":{"line":83,"column":18},"end":{"line":83,"column":63}},"20":{"start":{"line":84,"column":4},"end":{"line":90,"column":5}},"21":{"start":{"line":85,"column":8},"end":{"line":85,"column":62}},"22":{"start":{"line":88,"column":8},"end":{"line":88,"column":38}},"23":{"start":{"line":95,"column":18},"end":{"line":95,"column":63}},"24":{"start":{"line":96,"column":4},"end":{"line":104,"column":5}},"25":{"start":{"line":98,"column":8},"end":{"line":98,"column":63}},"26":{"start":{"line":102,"column":8},"end":{"line":102,"column":38}},"27":{"start":{"line":108,"column":18},"end":{"line":108,"column":63}},"28":{"start":{"line":110,"column":4},"end":{"line":118,"column":5}},"29":{"start":{"line":112,"column":8},"end":{"line":112,"column":61}},"30":{"start":{"line":116,"column":8},"end":{"line":116,"column":38}},"31":{"start":{"line":122,"column":18},"end":{"line":122,"column":63}},"32":{"start":{"line":123,"column":4},"end":{"line":130,"column":5}},"33":{"start":{"line":125,"column":8},"end":{"line":125,"column":59}},"34":{"start":{"line":128,"column":8},"end":{"line":128,"column":38}},"35":{"start":{"line":133,"column":18},"end":{"line":133,"column":63}},"36":{"start":{"line":134,"column":4},"end":{"line":139,"column":5}},"37":{"start":{"line":135,"column":8},"end":{"line":135,"column":59}},"38":{"start":{"line":137,"column":8},"end":{"line":137,"column":38}},"39":{"start":{"line":142,"column":18},"end":{"line":142,"column":63}},"40":{"start":{"line":143,"column":4},"end":{"line":148,"column":5}},"41":{"start":{"line":144,"column":8},"end":{"line":144,"column":59}},"42":{"start":{"line":146,"column":8},"end":{"line":146,"column":38}},"43":{"start":{"line":151,"column":18},"end":{"line":151,"column":63}},"44":{"start":{"line":152,"column":4},"end":{"line":157,"column":5}},"45":{"start":{"line":153,"column":8},"end":{"line":153,"column":59}},"46":{"start":{"line":155,"column":8},"end":{"line":155,"column":38}}},"fnMap":{"0":{"name":"holdExceptions","decl":{"start":{"line":6,"column":9},"end":{"line":6,"column":23}},"loc":{"start":{"line":6,"column":37},"end":{"line":18,"column":1}},"line":6},"1":{"name":"holdResponse","decl":{"start":{"line":20,"column":9},"end":{"line":20,"column":21}},"loc":{"start":{"line":20,"column":41},"end":{"line":32,"column":1}},"line":20},"2":{"name":"loadDetails","decl":{"start":{"line":34,"column":16},"end":{"line":34,"column":27}},"loc":{"start":{"line":34,"column":30},"end":{"line":42,"column":1}},"line":34},"3":{"name":"(anonymous_3)","decl":{"start":{"line":36,"column":76},"end":{"line":36,"column":77}},"loc":{"start":{"line":36,"column":96},"end":{"line":38,"column":5}},"line":36},"4":{"name":"(anonymous_4)","decl":{"start":{"line":38,"column":13},"end":{"line":38,"column":14}},"loc":{"start":{"line":38,"column":33},"end":{"line":40,"column":5}},"line":38},"5":{"name":"loginActions","decl":{"start":{"line":45,"column":16},"end":{"line":45,"column":28}},"loc":{"start":{"line":45,"column":49},"end":{"line":67,"column":1}},"line":45},"6":{"name":"(anonymous_6)","decl":{"start":{"line":46,"column":67},"end":{"line":46,"column":68}},"loc":{"start":{"line":46,"column":87},"end":{"line":63,"column":5}},"line":46},"7":{"name":"(anonymous_7)","decl":{"start":{"line":63,"column":13},"end":{"line":63,"column":14}},"loc":{"start":{"line":63,"column":33},"end":{"line":65,"column":5}},"line":63},"8":{"name":"registerActions","decl":{"start":{"line":69,"column":16},"end":{"line":69,"column":31}},"loc":{"start":{"line":69,"column":71},"end":{"line":79,"column":1}},"line":69},"9":{"name":"(anonymous_9)","decl":{"start":{"line":70,"column":89},"end":{"line":70,"column":90}},"loc":{"start":{"line":70,"column":109},"end":{"line":75,"column":5}},"line":70},"10":{"name":"(anonymous_10)","decl":{"start":{"line":75,"column":13},"end":{"line":75,"column":14}},"loc":{"start":{"line":75,"column":33},"end":{"line":77,"column":5}},"line":75},"11":{"name":"loadEntries","decl":{"start":{"line":81,"column":16},"end":{"line":81,"column":27}},"loc":{"start":{"line":81,"column":49},"end":{"line":91,"column":1}},"line":81},"12":{"name":"(anonymous_12)","decl":{"start":{"line":84,"column":117},"end":{"line":84,"column":118}},"loc":{"start":{"line":84,"column":137},"end":{"line":87,"column":5}},"line":84},"13":{"name":"(anonymous_13)","decl":{"start":{"line":87,"column":13},"end":{"line":87,"column":14}},"loc":{"start":{"line":87,"column":33},"end":{"line":89,"column":5}},"line":87},"14":{"name":"loadComments","decl":{"start":{"line":93,"column":16},"end":{"line":93,"column":28}},"loc":{"start":{"line":93,"column":31},"end":{"line":105,"column":1}},"line":93},"15":{"name":"(anonymous_15)","decl":{"start":{"line":96,"column":90},"end":{"line":96,"column":91}},"loc":{"start":{"line":96,"column":110},"end":{"line":101,"column":5}},"line":96},"16":{"name":"(anonymous_16)","decl":{"start":{"line":101,"column":13},"end":{"line":101,"column":14}},"loc":{"start":{"line":101,"column":33},"end":{"line":103,"column":5}},"line":101},"17":{"name":"addCommentActions","decl":{"start":{"line":107,"column":16},"end":{"line":107,"column":33}},"loc":{"start":{"line":107,"column":64},"end":{"line":119,"column":1}},"line":107},"18":{"name":"(anonymous_18)","decl":{"start":{"line":110,"column":125},"end":{"line":110,"column":126}},"loc":{"start":{"line":110,"column":145},"end":{"line":115,"column":5}},"line":110},"19":{"name":"(anonymous_19)","decl":{"start":{"line":115,"column":13},"end":{"line":115,"column":14}},"loc":{"start":{"line":115,"column":33},"end":{"line":117,"column":5}},"line":115},"20":{"name":"addEntryAction","decl":{"start":{"line":121,"column":16},"end":{"line":121,"column":30}},"loc":{"start":{"line":121,"column":43},"end":{"line":131,"column":1}},"line":121},"21":{"name":"(anonymous_21)","decl":{"start":{"line":123,"column":99},"end":{"line":123,"column":100}},"loc":{"start":{"line":123,"column":119},"end":{"line":127,"column":5}},"line":123},"22":{"name":"(anonymous_22)","decl":{"start":{"line":127,"column":13},"end":{"line":127,"column":14}},"loc":{"start":{"line":127,"column":33},"end":{"line":129,"column":5}},"line":127},"23":{"name":"editUser","decl":{"start":{"line":132,"column":16},"end":{"line":132,"column":24}},"loc":{"start":{"line":132,"column":37},"end":{"line":140,"column":1}},"line":132},"24":{"name":"(anonymous_24)","decl":{"start":{"line":134,"column":93},"end":{"line":134,"column":94}},"loc":{"start":{"line":134,"column":113},"end":{"line":136,"column":5}},"line":134},"25":{"name":"(anonymous_25)","decl":{"start":{"line":136,"column":13},"end":{"line":136,"column":14}},"loc":{"start":{"line":136,"column":33},"end":{"line":138,"column":5}},"line":136},"26":{"name":"addPop","decl":{"start":{"line":141,"column":16},"end":{"line":141,"column":22}},"loc":{"start":{"line":141,"column":35},"end":{"line":149,"column":1}},"line":141},"27":{"name":"(anonymous_27)","decl":{"start":{"line":143,"column":98},"end":{"line":143,"column":99}},"loc":{"start":{"line":143,"column":118},"end":{"line":145,"column":5}},"line":143},"28":{"name":"(anonymous_28)","decl":{"start":{"line":145,"column":13},"end":{"line":145,"column":14}},"loc":{"start":{"line":145,"column":33},"end":{"line":147,"column":5}},"line":145},"29":{"name":"addLike","decl":{"start":{"line":150,"column":16},"end":{"line":150,"column":23}},"loc":{"start":{"line":150,"column":36},"end":{"line":158,"column":1}},"line":150},"30":{"name":"(anonymous_30)","decl":{"start":{"line":152,"column":104},"end":{"line":152,"column":105}},"loc":{"start":{"line":152,"column":124},"end":{"line":154,"column":5}},"line":152},"31":{"name":"(anonymous_31)","decl":{"start":{"line":154,"column":13},"end":{"line":154,"column":14}},"loc":{"start":{"line":154,"column":33},"end":{"line":156,"column":5}},"line":154}},"branchMap":{"0":{"loc":{"start":{"line":7,"column":4},"end":{"line":17,"column":5}},"type":"if","locations":[{"start":{"line":7,"column":4},"end":{"line":17,"column":5}},{"start":{"line":7,"column":4},"end":{"line":17,"column":5}}],"line":7},"1":{"loc":{"start":{"line":7,"column":8},"end":{"line":7,"column":72}},"type":"binary-expr","locations":[{"start":{"line":7,"column":8},"end":{"line":7,"column":19}},{"start":{"line":7,"column":23},"end":{"line":7,"column":43}},{"start":{"line":7,"column":47},"end":{"line":7,"column":72}}],"line":7},"2":{"loc":{"start":{"line":21,"column":4},"end":{"line":31,"column":5}},"type":"if","locations":[{"start":{"line":21,"column":4},"end":{"line":31,"column":5}},{"start":{"line":21,"column":4},"end":{"line":31,"column":5}}],"line":21},"3":{"loc":{"start":{"line":48,"column":8},"end":{"line":60,"column":9}},"type":"if","locations":[{"start":{"line":48,"column":8},"end":{"line":60,"column":9}},{"start":{"line":48,"column":8},"end":{"line":60,"column":9}}],"line":48}},"s":{"0":11,"1":10,"2":1,"3":18,"4":9,"5":9,"6":3,"7":3,"8":2,"9":1,"10":3,"11":2,"12":1,"13":1,"14":1,"15":1,"16":3,"17":2,"18":1,"19":4,"20":4,"21":2,"22":2,"23":3,"24":3,"25":2,"26":1,"27":3,"28":3,"29":2,"30":1,"31":3,"32":3,"33":2,"34":1,"35":3,"36":3,"37":2,"38":1,"39":3,"40":3,"41":2,"42":1,"43":3,"44":3,"45":2,"46":1},"f":{"0":11,"1":18,"2":3,"3":2,"4":1,"5":3,"6":2,"7":1,"8":3,"9":2,"10":1,"11":4,"12":2,"13":2,"14":3,"15":2,"16":1,"17":3,"18":2,"19":1,"20":3,"21":2,"22":1,"23":3,"24":2,"25":1,"26":3,"27":2,"28":1,"29":3,"30":2,"31":1},"b":{"0":[10,1],"1":[11,11,10],"2":[9,9],"3":[1,1]},"_coverageSchema":"43e27e138ebf9cfc5966b082cf9a028302ed4184","hash":"5b5738aecbb54b1d9e6e78b6d1ad09719770a059"}
,"/Users/gabrielpenalva/Documents/Skylab Hired/gabriel-penalva-skylab-hired/Client/skylab-hired/src/components/addEntry.component.jsx": {"path":"/Users/gabrielpenalva/Documents/Skylab Hired/gabriel-penalva-skylab-hired/Client/skylab-hired/src/components/addEntry.component.jsx","statementMap":{"0":{"start":{"line":18,"column":37},"end":{"line":18,"column":57}},"1":{"start":{"line":19,"column":33},"end":{"line":19,"column":51}},"2":{"start":{"line":20,"column":31},"end":{"line":20,"column":43}},"3":{"start":{"line":21,"column":31},"end":{"line":21,"column":43}},"4":{"start":{"line":22,"column":36},"end":{"line":22,"column":50}},"5":{"start":{"line":23,"column":36},"end":{"line":23,"column":47}},"6":{"start":{"line":24,"column":14},"end":{"line":24,"column":29}},"7":{"start":{"line":25,"column":15},"end":{"line":25,"column":27}},"8":{"start":{"line":26,"column":1},"end":{"line":32,"column":8}},"9":{"start":{"line":27,"column":2},"end":{"line":27,"column":36}},"10":{"start":{"line":29,"column":2},"end":{"line":31,"column":4}},"11":{"start":{"line":30,"column":3},"end":{"line":30,"column":47}},"12":{"start":{"line":35,"column":2},"end":{"line":35,"column":11}},"13":{"start":{"line":39,"column":2},"end":{"line":39,"column":34}},"14":{"start":{"line":42,"column":2},"end":{"line":42,"column":36}},"15":{"start":{"line":46,"column":2},"end":{"line":46,"column":25}},"16":{"start":{"line":48,"column":15},"end":{"line":48,"column":23}},"17":{"start":{"line":49,"column":2},"end":{"line":57,"column":5}},"18":{"start":{"line":58,"column":2},"end":{"line":58,"column":24}},"19":{"start":{"line":61,"column":1},"end":{"line":180,"column":3}},"20":{"start":{"line":118,"column":22},"end":{"line":118,"column":47}},"21":{"start":{"line":140,"column":27},"end":{"line":140,"column":57}},"22":{"start":{"line":151,"column":27},"end":{"line":151,"column":57}},"23":{"start":{"line":164,"column":7},"end":{"line":164,"column":40}}},"fnMap":{"0":{"name":"AddEntry","decl":{"start":{"line":17,"column":9},"end":{"line":17,"column":17}},"loc":{"start":{"line":17,"column":20},"end":{"line":181,"column":1}},"line":17},"1":{"name":"(anonymous_1)","decl":{"start":{"line":26,"column":11},"end":{"line":26,"column":12}},"loc":{"start":{"line":26,"column":17},"end":{"line":32,"column":2}},"line":26},"2":{"name":"(anonymous_2)","decl":{"start":{"line":29,"column":9},"end":{"line":29,"column":10}},"loc":{"start":{"line":29,"column":15},"end":{"line":31,"column":3}},"line":29},"3":{"name":"onChange","decl":{"start":{"line":34,"column":10},"end":{"line":34,"column":18}},"loc":{"start":{"line":34,"column":21},"end":{"line":36,"column":2}},"line":34},"4":{"name":"handleCategory","decl":{"start":{"line":38,"column":10},"end":{"line":38,"column":24}},"loc":{"start":{"line":38,"column":32},"end":{"line":40,"column":2}},"line":38},"5":{"name":"handleSpeciality","decl":{"start":{"line":41,"column":10},"end":{"line":41,"column":26}},"loc":{"start":{"line":41,"column":34},"end":{"line":43,"column":2}},"line":41},"6":{"name":"handleSubmit","decl":{"start":{"line":45,"column":10},"end":{"line":45,"column":22}},"loc":{"start":{"line":45,"column":30},"end":{"line":59,"column":2}},"line":45},"7":{"name":"(anonymous_7)","decl":{"start":{"line":118,"column":16},"end":{"line":118,"column":17}},"loc":{"start":{"line":118,"column":22},"end":{"line":118,"column":47}},"line":118},"8":{"name":"(anonymous_8)","decl":{"start":{"line":140,"column":16},"end":{"line":140,"column":17}},"loc":{"start":{"line":140,"column":27},"end":{"line":140,"column":57}},"line":140},"9":{"name":"(anonymous_9)","decl":{"start":{"line":151,"column":16},"end":{"line":151,"column":17}},"loc":{"start":{"line":151,"column":27},"end":{"line":151,"column":57}},"line":151},"10":{"name":"(anonymous_10)","decl":{"start":{"line":163,"column":16},"end":{"line":163,"column":17}},"loc":{"start":{"line":163,"column":27},"end":{"line":165,"column":7}},"line":163}},"branchMap":{},"s":{"0":0,"1":0,"2":0,"3":0,"4":0,"5":0,"6":0,"7":0,"8":0,"9":0,"10":0,"11":0,"12":0,"13":0,"14":0,"15":0,"16":0,"17":0,"18":0,"19":0,"20":0,"21":0,"22":0,"23":0},"f":{"0":0,"1":0,"2":0,"3":0,"4":0,"5":0,"6":0,"7":0,"8":0,"9":0,"10":0},"b":{},"hash":"05dada6a0feb0ef55f88229220a44b4d6d00cb12"}
,"/Users/gabrielpenalva/Documents/Skylab Hired/gabriel-penalva-skylab-hired/Client/skylab-hired/src/components/commentDetail.compoent.jsx": {"path":"/Users/gabrielpenalva/Documents/Skylab Hired/gabriel-penalva-skylab-hired/Client/skylab-hired/src/components/commentDetail.compoent.jsx","statementMap":{"0":{"start":{"line":8,"column":14},"end":{"line":8,"column":56}},"1":{"start":{"line":9,"column":30},"end":{"line":9,"column":44}},"2":{"start":{"line":10,"column":39},"end":{"line":10,"column":51}},"3":{"start":{"line":12,"column":1},"end":{"line":14,"column":2}},"4":{"start":{"line":13,"column":2},"end":{"line":13,"column":20}},"5":{"start":{"line":16,"column":2},"end":{"line":20,"column":3}},"6":{"start":{"line":17,"column":3},"end":{"line":17,"column":18}},"7":{"start":{"line":18,"column":3},"end":{"line":18,"column":18}},"8":{"start":{"line":19,"column":3},"end":{"line":19,"column":19}},"9":{"start":{"line":24,"column":2},"end":{"line":24,"column":21}},"10":{"start":{"line":25,"column":2},"end":{"line":25,"column":52}},"11":{"start":{"line":27,"column":1},"end":{"line":66,"column":3}},"12":{"start":{"line":52,"column":28},"end":{"line":52,"column":62}}},"fnMap":{"0":{"name":"CommentDetail","decl":{"start":{"line":7,"column":9},"end":{"line":7,"column":22}},"loc":{"start":{"line":7,"column":44},"end":{"line":67,"column":1}},"line":7},"1":{"name":"likeUp","decl":{"start":{"line":15,"column":10},"end":{"line":15,"column":16}},"loc":{"start":{"line":15,"column":19},"end":{"line":21,"column":2}},"line":15},"2":{"name":"submitText","decl":{"start":{"line":23,"column":10},"end":{"line":23,"column":20}},"loc":{"start":{"line":23,"column":23},"end":{"line":26,"column":2}},"line":23},"3":{"name":"(anonymous_3)","decl":{"start":{"line":52,"column":17},"end":{"line":52,"column":18}},"loc":{"start":{"line":52,"column":28},"end":{"line":52,"column":62}},"line":52}},"branchMap":{"0":{"loc":{"start":{"line":12,"column":1},"end":{"line":14,"column":2}},"type":"if","locations":[{"start":{"line":12,"column":1},"end":{"line":14,"column":2}},{"start":{"line":12,"column":1},"end":{"line":14,"column":2}}],"line":12},"1":{"loc":{"start":{"line":16,"column":2},"end":{"line":20,"column":3}},"type":"if","locations":[{"start":{"line":16,"column":2},"end":{"line":20,"column":3}},{"start":{"line":16,"column":2},"end":{"line":20,"column":3}}],"line":16},"2":{"loc":{"start":{"line":27,"column":8},"end":{"line":66,"column":2}},"type":"cond-expr","locations":[{"start":{"line":28,"column":2},"end":{"line":43,"column":8}},{"start":{"line":45,"column":2},"end":{"line":65,"column":8}}],"line":27}},"s":{"0":0,"1":0,"2":0,"3":0,"4":0,"5":0,"6":0,"7":0,"8":0,"9":0,"10":0,"11":0,"12":0},"f":{"0":0,"1":0,"2":0,"3":0},"b":{"0":[0,0],"1":[0,0],"2":[0,0]},"hash":"1679cb6cf34f550af187ef1d2628801597418f0c"}
,"/Users/gabrielpenalva/Documents/Skylab Hired/gabriel-penalva-skylab-hired/Client/skylab-hired/src/components/detail.component.jsx": {"path":"/Users/gabrielpenalva/Documents/Skylab Hired/gabriel-penalva-skylab-hired/Client/skylab-hired/src/components/detail.component.jsx","statementMap":{"0":{"start":{"line":8,"column":14},"end":{"line":8,"column":35}},"1":{"start":{"line":9,"column":14},"end":{"line":11,"column":8}},"2":{"start":{"line":10,"column":41},"end":{"line":10,"column":59}},"3":{"start":{"line":12,"column":1},"end":{"line":12,"column":15}},"4":{"start":{"line":16,"column":25},"end":{"line":18,"column":3}},"5":{"start":{"line":19,"column":28},"end":{"line":19,"column":43}},"6":{"start":{"line":20,"column":37},"end":{"line":20,"column":69}},"7":{"start":{"line":23,"column":2},"end":{"line":27,"column":3}},"8":{"start":{"line":24,"column":3},"end":{"line":24,"column":16}},"9":{"start":{"line":25,"column":3},"end":{"line":25,"column":33}},"10":{"start":{"line":26,"column":3},"end":{"line":26,"column":18}},"11":{"start":{"line":30,"column":2},"end":{"line":44,"column":3}},"12":{"start":{"line":31,"column":3},"end":{"line":31,"column":27}},"13":{"start":{"line":32,"column":17},"end":{"line":32,"column":38}},"14":{"start":{"line":33,"column":3},"end":{"line":35,"column":5}},"15":{"start":{"line":34,"column":49},"end":{"line":34,"column":71}},"16":{"start":{"line":36,"column":3},"end":{"line":36,"column":32}},"17":{"start":{"line":37,"column":3},"end":{"line":37,"column":21}},"18":{"start":{"line":39,"column":3},"end":{"line":39,"column":26}},"19":{"start":{"line":40,"column":17},"end":{"line":40,"column":38}},"20":{"start":{"line":41,"column":3},"end":{"line":41,"column":42}},"21":{"start":{"line":42,"column":3},"end":{"line":42,"column":32}},"22":{"start":{"line":43,"column":3},"end":{"line":43,"column":21}},"23":{"start":{"line":47,"column":1},"end":{"line":114,"column":10}}},"fnMap":{"0":{"name":"getLikes","decl":{"start":{"line":7,"column":9},"end":{"line":7,"column":17}},"loc":{"start":{"line":7,"column":26},"end":{"line":13,"column":1}},"line":7},"1":{"name":"(anonymous_1)","decl":{"start":{"line":10,"column":28},"end":{"line":10,"column":29}},"loc":{"start":{"line":10,"column":41},"end":{"line":10,"column":59}},"line":10},"2":{"name":"Detail","decl":{"start":{"line":15,"column":9},"end":{"line":15,"column":15}},"loc":{"start":{"line":15,"column":28},"end":{"line":115,"column":1}},"line":15},"3":{"name":"upPop","decl":{"start":{"line":22,"column":10},"end":{"line":22,"column":15}},"loc":{"start":{"line":22,"column":18},"end":{"line":28,"column":2}},"line":22},"4":{"name":"changeFav","decl":{"start":{"line":29,"column":10},"end":{"line":29,"column":19}},"loc":{"start":{"line":29,"column":22},"end":{"line":45,"column":2}},"line":29},"5":{"name":"(anonymous_5)","decl":{"start":{"line":34,"column":36},"end":{"line":34,"column":37}},"loc":{"start":{"line":34,"column":49},"end":{"line":34,"column":71}},"line":34}},"branchMap":{"0":{"loc":{"start":{"line":9,"column":14},"end":{"line":11,"column":8}},"type":"cond-expr","locations":[{"start":{"line":10,"column":4},"end":{"line":10,"column":60}},{"start":{"line":11,"column":4},"end":{"line":11,"column":8}}],"line":9},"1":{"loc":{"start":{"line":17,"column":16},"end":{"line":17,"column":43}},"type":"cond-expr","locations":[{"start":{"line":17,"column":25},"end":{"line":17,"column":35}},{"start":{"line":17,"column":38},"end":{"line":17,"column":43}}],"line":17},"2":{"loc":{"start":{"line":23,"column":2},"end":{"line":27,"column":3}},"type":"if","locations":[{"start":{"line":23,"column":2},"end":{"line":27,"column":3}},{"start":{"line":23,"column":2},"end":{"line":27,"column":3}}],"line":23},"3":{"loc":{"start":{"line":30,"column":2},"end":{"line":44,"column":3}},"type":"if","locations":[{"start":{"line":30,"column":2},"end":{"line":44,"column":3}},{"start":{"line":30,"column":2},"end":{"line":44,"column":3}}],"line":30},"4":{"loc":{"start":{"line":47,"column":8},"end":{"line":114,"column":9}},"type":"cond-expr","locations":[{"start":{"line":48,"column":2},"end":{"line":113,"column":8}},{"start":{"line":114,"column":5},"end":{"line":114,"column":9}}],"line":47},"5":{"loc":{"start":{"line":53,"column":11},"end":{"line":53,"column":55}},"type":"cond-expr","locations":[{"start":{"line":53,"column":22},"end":{"line":53,"column":36}},{"start":{"line":53,"column":39},"end":{"line":53,"column":55}}],"line":53},"6":{"loc":{"start":{"line":59,"column":7},"end":{"line":61,"column":7}},"type":"binary-expr","locations":[{"start":{"line":59,"column":7},"end":{"line":59,"column":22}},{"start":{"line":60,"column":7},"end":{"line":60,"column":61}}],"line":59},"7":{"loc":{"start":{"line":62,"column":7},"end":{"line":64,"column":7}},"type":"binary-expr","locations":[{"start":{"line":62,"column":7},"end":{"line":62,"column":22}},{"start":{"line":63,"column":7},"end":{"line":63,"column":61}}],"line":62},"8":{"loc":{"start":{"line":65,"column":7},"end":{"line":67,"column":7}},"type":"binary-expr","locations":[{"start":{"line":65,"column":7},"end":{"line":65,"column":23}},{"start":{"line":66,"column":7},"end":{"line":66,"column":64}}],"line":65},"9":{"loc":{"start":{"line":68,"column":7},"end":{"line":70,"column":7}},"type":"binary-expr","locations":[{"start":{"line":68,"column":7},"end":{"line":68,"column":24}},{"start":{"line":69,"column":7},"end":{"line":69,"column":67}}],"line":68},"10":{"loc":{"start":{"line":71,"column":7},"end":{"line":73,"column":7}},"type":"binary-expr","locations":[{"start":{"line":71,"column":7},"end":{"line":71,"column":25}},{"start":{"line":72,"column":7},"end":{"line":72,"column":70}}],"line":71},"11":{"loc":{"start":{"line":74,"column":7},"end":{"line":76,"column":7}},"type":"binary-expr","locations":[{"start":{"line":74,"column":7},"end":{"line":74,"column":22}},{"start":{"line":75,"column":7},"end":{"line":75,"column":57}}],"line":74},"12":{"loc":{"start":{"line":77,"column":7},"end":{"line":81,"column":7}},"type":"cond-expr","locations":[{"start":{"line":78,"column":7},"end":{"line":78,"column":67}},{"start":{"line":80,"column":7},"end":{"line":80,"column":60}}],"line":77},"13":{"loc":{"start":{"line":89,"column":5},"end":{"line":96,"column":5}},"type":"binary-expr","locations":[{"start":{"line":89,"column":5},"end":{"line":89,"column":28}},{"start":{"line":90,"column":5},"end":{"line":95,"column":11}}],"line":89},"14":{"loc":{"start":{"line":100,"column":11},"end":{"line":100,"column":60}},"type":"cond-expr","locations":[{"start":{"line":100,"column":22},"end":{"line":100,"column":41}},{"start":{"line":100,"column":44},"end":{"line":100,"column":60}}],"line":100}},"s":{"0":0,"1":0,"2":0,"3":0,"4":0,"5":0,"6":0,"7":0,"8":0,"9":0,"10":0,"11":0,"12":0,"13":0,"14":0,"15":0,"16":0,"17":0,"18":0,"19":0,"20":0,"21":0,"22":0,"23":0},"f":{"0":0,"1":0,"2":0,"3":0,"4":0,"5":0},"b":{"0":[0,0],"1":[0,0],"2":[0,0],"3":[0,0],"4":[0,0],"5":[0,0],"6":[0,0],"7":[0,0],"8":[0,0],"9":[0,0],"10":[0,0],"11":[0,0],"12":[0,0],"13":[0,0],"14":[0,0]},"hash":"3983903886d0d4e3cb81698bf74a524bec4271c6"}
,"/Users/gabrielpenalva/Documents/Skylab Hired/gabriel-penalva-skylab-hired/Client/skylab-hired/src/components/entry.component.jsx": {"path":"/Users/gabrielpenalva/Documents/Skylab Hired/gabriel-penalva-skylab-hired/Client/skylab-hired/src/components/entry.component.jsx","statementMap":{"0":{"start":{"line":9,"column":12},"end":{"line":17,"column":1}},"1":{"start":{"line":20,"column":29},"end":{"line":20,"column":55}},"2":{"start":{"line":21,"column":16},"end":{"line":21,"column":38}},"3":{"start":{"line":22,"column":16},"end":{"line":22,"column":43}},"4":{"start":{"line":23,"column":16},"end":{"line":23,"column":38}},"5":{"start":{"line":24,"column":19},"end":{"line":24,"column":37}},"6":{"start":{"line":25,"column":1},"end":{"line":32,"column":21}},"7":{"start":{"line":26,"column":2},"end":{"line":26,"column":42}},"8":{"start":{"line":27,"column":2},"end":{"line":27,"column":27}},"9":{"start":{"line":27,"column":13},"end":{"line":27,"column":27}},"10":{"start":{"line":29,"column":2},"end":{"line":31,"column":4}},"11":{"start":{"line":30,"column":3},"end":{"line":30,"column":53}},"12":{"start":{"line":35,"column":2},"end":{"line":35,"column":37}},"13":{"start":{"line":38,"column":2},"end":{"line":55,"column":3}},"14":{"start":{"line":39,"column":3},"end":{"line":52,"column":4}},"15":{"start":{"line":41,"column":5},"end":{"line":41,"column":41}},"16":{"start":{"line":41,"column":29},"end":{"line":41,"column":41}},"17":{"start":{"line":42,"column":5},"end":{"line":42,"column":11}},"18":{"start":{"line":44,"column":5},"end":{"line":44,"column":40}},"19":{"start":{"line":44,"column":28},"end":{"line":44,"column":40}},"20":{"start":{"line":45,"column":5},"end":{"line":45,"column":11}},"21":{"start":{"line":47,"column":5},"end":{"line":47,"column":42}},"22":{"start":{"line":47,"column":30},"end":{"line":47,"column":42}},"23":{"start":{"line":48,"column":5},"end":{"line":48,"column":11}},"24":{"start":{"line":50,"column":5},"end":{"line":50,"column":18}},"25":{"start":{"line":51,"column":5},"end":{"line":51,"column":11}},"26":{"start":{"line":54,"column":3},"end":{"line":54,"column":15}},"27":{"start":{"line":57,"column":1},"end":{"line":92,"column":3}},"28":{"start":{"line":61,"column":19},"end":{"line":61,"column":71}},"29":{"start":{"line":62,"column":5},"end":{"line":77,"column":50}},"30":{"start":{"line":63,"column":6},"end":{"line":76,"column":7}},"31":{"start":{"line":65,"column":8},"end":{"line":67,"column":9}},"32":{"start":{"line":66,"column":9},"end":{"line":66,"column":47}},"33":{"start":{"line":68,"column":8},"end":{"line":68,"column":14}},"34":{"start":{"line":70,"column":8},"end":{"line":72,"column":9}},"35":{"start":{"line":71,"column":9},"end":{"line":71,"column":47}},"36":{"start":{"line":73,"column":8},"end":{"line":73,"column":14}},"37":{"start":{"line":75,"column":8},"end":{"line":75,"column":20}},"38":{"start":{"line":77,"column":12},"end":{"line":77,"column":50}}},"fnMap":{"0":{"name":"Entry","decl":{"start":{"line":19,"column":9},"end":{"line":19,"column":14}},"loc":{"start":{"line":19,"column":25},"end":{"line":93,"column":1}},"line":19},"1":{"name":"(anonymous_1)","decl":{"start":{"line":25,"column":11},"end":{"line":25,"column":12}},"loc":{"start":{"line":25,"column":17},"end":{"line":32,"column":2}},"line":25},"2":{"name":"(anonymous_2)","decl":{"start":{"line":29,"column":9},"end":{"line":29,"column":10}},"loc":{"start":{"line":29,"column":15},"end":{"line":31,"column":3}},"line":29},"3":{"name":"onChange","decl":{"start":{"line":34,"column":10},"end":{"line":34,"column":18}},"loc":{"start":{"line":34,"column":21},"end":{"line":36,"column":2}},"line":34},"4":{"name":"assert","decl":{"start":{"line":37,"column":10},"end":{"line":37,"column":16}},"loc":{"start":{"line":37,"column":26},"end":{"line":56,"column":2}},"line":37},"5":{"name":"(anonymous_5)","decl":{"start":{"line":60,"column":15},"end":{"line":60,"column":16}},"loc":{"start":{"line":60,"column":28},"end":{"line":78,"column":5}},"line":60}},"branchMap":{"0":{"loc":{"start":{"line":20,"column":38},"end":{"line":20,"column":54}},"type":"cond-expr","locations":[{"start":{"line":20,"column":45},"end":{"line":20,"column":49}},{"start":{"line":20,"column":52},"end":{"line":20,"column":54}}],"line":20},"1":{"loc":{"start":{"line":27,"column":2},"end":{"line":27,"column":27}},"type":"if","locations":[{"start":{"line":27,"column":2},"end":{"line":27,"column":27}},{"start":{"line":27,"column":2},"end":{"line":27,"column":27}}],"line":27},"2":{"loc":{"start":{"line":38,"column":2},"end":{"line":55,"column":3}},"type":"if","locations":[{"start":{"line":38,"column":2},"end":{"line":55,"column":3}},{"start":{"line":38,"column":2},"end":{"line":55,"column":3}}],"line":38},"3":{"loc":{"start":{"line":39,"column":3},"end":{"line":52,"column":4}},"type":"switch","locations":[{"start":{"line":40,"column":4},"end":{"line":42,"column":11}},{"start":{"line":43,"column":4},"end":{"line":45,"column":11}},{"start":{"line":46,"column":4},"end":{"line":48,"column":11}},{"start":{"line":49,"column":4},"end":{"line":51,"column":11}}],"line":39},"4":{"loc":{"start":{"line":41,"column":5},"end":{"line":41,"column":41}},"type":"if","locations":[{"start":{"line":41,"column":5},"end":{"line":41,"column":41}},{"start":{"line":41,"column":5},"end":{"line":41,"column":41}}],"line":41},"5":{"loc":{"start":{"line":44,"column":5},"end":{"line":44,"column":40}},"type":"if","locations":[{"start":{"line":44,"column":5},"end":{"line":44,"column":40}},{"start":{"line":44,"column":5},"end":{"line":44,"column":40}}],"line":44},"6":{"loc":{"start":{"line":47,"column":5},"end":{"line":47,"column":42}},"type":"if","locations":[{"start":{"line":47,"column":5},"end":{"line":47,"column":42}},{"start":{"line":47,"column":5},"end":{"line":47,"column":42}}],"line":47},"7":{"loc":{"start":{"line":59,"column":4},"end":{"line":78,"column":6}},"type":"binary-expr","locations":[{"start":{"line":59,"column":4},"end":{"line":59,"column":23}},{"start":{"line":60,"column":4},"end":{"line":78,"column":6}}],"line":59},"8":{"loc":{"start":{"line":62,"column":5},"end":{"line":77,"column":50}},"type":"if","locations":[{"start":{"line":62,"column":5},"end":{"line":77,"column":50}},{"start":{"line":62,"column":5},"end":{"line":77,"column":50}}],"line":62},"9":{"loc":{"start":{"line":63,"column":6},"end":{"line":76,"column":7}},"type":"switch","locations":[{"start":{"line":64,"column":7},"end":{"line":68,"column":14}},{"start":{"line":69,"column":7},"end":{"line":73,"column":14}},{"start":{"line":74,"column":7},"end":{"line":75,"column":20}}],"line":63},"10":{"loc":{"start":{"line":65,"column":8},"end":{"line":67,"column":9}},"type":"if","locations":[{"start":{"line":65,"column":8},"end":{"line":67,"column":9}},{"start":{"line":65,"column":8},"end":{"line":67,"column":9}}],"line":65},"11":{"loc":{"start":{"line":66,"column":16},"end":{"line":66,"column":46}},"type":"cond-expr","locations":[{"start":{"line":66,"column":34},"end":{"line":66,"column":39}},{"start":{"line":66,"column":42},"end":{"line":66,"column":46}}],"line":66},"12":{"loc":{"start":{"line":70,"column":8},"end":{"line":72,"column":9}},"type":"if","locations":[{"start":{"line":70,"column":8},"end":{"line":72,"column":9}},{"start":{"line":70,"column":8},"end":{"line":72,"column":9}}],"line":70},"13":{"loc":{"start":{"line":71,"column":16},"end":{"line":71,"column":46}},"type":"cond-expr","locations":[{"start":{"line":71,"column":34},"end":{"line":71,"column":39}},{"start":{"line":71,"column":42},"end":{"line":71,"column":46}}],"line":71},"14":{"loc":{"start":{"line":77,"column":19},"end":{"line":77,"column":49}},"type":"cond-expr","locations":[{"start":{"line":77,"column":37},"end":{"line":77,"column":42}},{"start":{"line":77,"column":45},"end":{"line":77,"column":49}}],"line":77},"15":{"loc":{"start":{"line":83,"column":4},"end":{"line":90,"column":4}},"type":"binary-expr","locations":[{"start":{"line":83,"column":4},"end":{"line":83,"column":23}},{"start":{"line":84,"column":4},"end":{"line":89,"column":10}}],"line":83}},"s":{"0":0,"1":0,"2":0,"3":0,"4":0,"5":0,"6":0,"7":0,"8":0,"9":0,"10":0,"11":0,"12":0,"13":0,"14":0,"15":0,"16":0,"17":0,"18":0,"19":0,"20":0,"21":0,"22":0,"23":0,"24":0,"25":0,"26":0,"27":0,"28":0,"29":0,"30":0,"31":0,"32":0,"33":0,"34":0,"35":0,"36":0,"37":0,"38":0},"f":{"0":0,"1":0,"2":0,"3":0,"4":0,"5":0},"b":{"0":[0,0],"1":[0,0],"2":[0,0],"3":[0,0,0,0],"4":[0,0],"5":[0,0],"6":[0,0],"7":[0,0],"8":[0,0],"9":[0,0,0],"10":[0,0],"11":[0,0],"12":[0,0],"13":[0,0],"14":[0,0],"15":[0,0]},"hash":"53833c2d261baa531b074ad173347bde7898b5eb"}
,"/Users/gabrielpenalva/Documents/Skylab Hired/gabriel-penalva-skylab-hired/Client/skylab-hired/src/components/entryComment.component.jsx": {"path":"/Users/gabrielpenalva/Documents/Skylab Hired/gabriel-penalva-skylab-hired/Client/skylab-hired/src/components/entryComment.component.jsx","statementMap":{"0":{"start":{"line":10,"column":33},"end":{"line":10,"column":45}},"1":{"start":{"line":11,"column":27},"end":{"line":13,"column":2}},"2":{"start":{"line":14,"column":1},"end":{"line":14,"column":32}},"3":{"start":{"line":14,"column":12},"end":{"line":14,"column":32}},"4":{"start":{"line":15,"column":1},"end":{"line":26,"column":30}},"5":{"start":{"line":16,"column":2},"end":{"line":16,"column":36}},"6":{"start":{"line":17,"column":2},"end":{"line":19,"column":3}},"7":{"start":{"line":18,"column":3},"end":{"line":18,"column":17}},"8":{"start":{"line":20,"column":2},"end":{"line":22,"column":3}},"9":{"start":{"line":21,"column":3},"end":{"line":21,"column":18}},"10":{"start":{"line":23,"column":2},"end":{"line":25,"column":4}},"11":{"start":{"line":24,"column":3},"end":{"line":24,"column":47}},"12":{"start":{"line":29,"column":2},"end":{"line":29,"column":58}},"13":{"start":{"line":30,"column":2},"end":{"line":32,"column":3}},"14":{"start":{"line":31,"column":3},"end":{"line":31,"column":45}},"15":{"start":{"line":33,"column":2},"end":{"line":37,"column":3}},"16":{"start":{"line":34,"column":3},"end":{"line":34,"column":17}},"17":{"start":{"line":35,"column":3},"end":{"line":35,"column":18}},"18":{"start":{"line":36,"column":3},"end":{"line":36,"column":45}},"19":{"start":{"line":40,"column":1},"end":{"line":67,"column":3}},"20":{"start":{"line":47,"column":6},"end":{"line":53,"column":8}}},"fnMap":{"0":{"name":"EntryComment","decl":{"start":{"line":9,"column":9},"end":{"line":9,"column":21}},"loc":{"start":{"line":9,"column":33},"end":{"line":68,"column":1}},"line":9},"1":{"name":"(anonymous_1)","decl":{"start":{"line":15,"column":11},"end":{"line":15,"column":12}},"loc":{"start":{"line":15,"column":17},"end":{"line":26,"column":2}},"line":15},"2":{"name":"(anonymous_2)","decl":{"start":{"line":23,"column":9},"end":{"line":23,"column":10}},"loc":{"start":{"line":23,"column":15},"end":{"line":25,"column":3}},"line":23},"3":{"name":"onChange","decl":{"start":{"line":28,"column":10},"end":{"line":28,"column":18}},"loc":{"start":{"line":28,"column":21},"end":{"line":38,"column":2}},"line":28},"4":{"name":"(anonymous_4)","decl":{"start":{"line":46,"column":18},"end":{"line":46,"column":19}},"loc":{"start":{"line":46,"column":31},"end":{"line":54,"column":6}},"line":46}},"branchMap":{"0":{"loc":{"start":{"line":14,"column":1},"end":{"line":14,"column":32}},"type":"if","locations":[{"start":{"line":14,"column":1},"end":{"line":14,"column":32}},{"start":{"line":14,"column":1},"end":{"line":14,"column":32}}],"line":14},"1":{"loc":{"start":{"line":17,"column":2},"end":{"line":19,"column":3}},"type":"if","locations":[{"start":{"line":17,"column":2},"end":{"line":19,"column":3}},{"start":{"line":17,"column":2},"end":{"line":19,"column":3}}],"line":17},"2":{"loc":{"start":{"line":20,"column":2},"end":{"line":22,"column":3}},"type":"if","locations":[{"start":{"line":20,"column":2},"end":{"line":22,"column":3}},{"start":{"line":20,"column":2},"end":{"line":22,"column":3}}],"line":20},"3":{"loc":{"start":{"line":30,"column":2},"end":{"line":32,"column":3}},"type":"if","locations":[{"start":{"line":30,"column":2},"end":{"line":32,"column":3}},{"start":{"line":30,"column":2},"end":{"line":32,"column":3}}],"line":30},"4":{"loc":{"start":{"line":33,"column":2},"end":{"line":37,"column":3}},"type":"if","locations":[{"start":{"line":33,"column":2},"end":{"line":37,"column":3}},{"start":{"line":33,"column":2},"end":{"line":37,"column":3}}],"line":33},"5":{"loc":{"start":{"line":42,"column":4},"end":{"line":42,"column":45}},"type":"binary-expr","locations":[{"start":{"line":42,"column":4},"end":{"line":42,"column":9}},{"start":{"line":42,"column":13},"end":{"line":42,"column":45}}],"line":42},"6":{"loc":{"start":{"line":45,"column":5},"end":{"line":54,"column":7}},"type":"binary-expr","locations":[{"start":{"line":45,"column":5},"end":{"line":45,"column":13}},{"start":{"line":46,"column":5},"end":{"line":54,"column":7}}],"line":45},"7":{"loc":{"start":{"line":57,"column":4},"end":{"line":65,"column":4}},"type":"binary-expr","locations":[{"start":{"line":57,"column":4},"end":{"line":57,"column":10}},{"start":{"line":58,"column":4},"end":{"line":64,"column":10}}],"line":57}},"s":{"0":0,"1":0,"2":0,"3":0,"4":0,"5":0,"6":0,"7":0,"8":0,"9":0,"10":0,"11":0,"12":0,"13":0,"14":0,"15":0,"16":0,"17":0,"18":0,"19":0,"20":0},"f":{"0":0,"1":0,"2":0,"3":0,"4":0},"b":{"0":[0,0],"1":[0,0],"2":[0,0],"3":[0,0],"4":[0,0],"5":[0,0],"6":[0,0],"7":[0,0]},"hash":"5d2ffcc5cc735dc2aa25ad65703d18bda7543bf9"}
,"/Users/gabrielpenalva/Documents/Skylab Hired/gabriel-penalva-skylab-hired/Client/skylab-hired/src/components/footer.component.jsx": {"path":"/Users/gabrielpenalva/Documents/Skylab Hired/gabriel-penalva-skylab-hired/Client/skylab-hired/src/components/footer.component.jsx","statementMap":{"0":{"start":{"line":5,"column":1},"end":{"line":11,"column":3}}},"fnMap":{"0":{"name":"Footer","decl":{"start":{"line":4,"column":9},"end":{"line":4,"column":15}},"loc":{"start":{"line":4,"column":18},"end":{"line":12,"column":1}},"line":4}},"branchMap":{},"s":{"0":0},"f":{"0":0},"b":{},"hash":"2aa7d1ce628028dd265d2bc21161621135be56d9"}
,"/Users/gabrielpenalva/Documents/Skylab Hired/gabriel-penalva-skylab-hired/Client/skylab-hired/src/components/home.component.jsx": {"path":"/Users/gabrielpenalva/Documents/Skylab Hired/gabriel-penalva-skylab-hired/Client/skylab-hired/src/components/home.component.jsx","statementMap":{"0":{"start":{"line":5,"column":12},"end":{"line":13,"column":1}},"1":{"start":{"line":15,"column":1},"end":{"line":67,"column":3}}},"fnMap":{"0":{"name":"Home","decl":{"start":{"line":14,"column":9},"end":{"line":14,"column":13}},"loc":{"start":{"line":14,"column":16},"end":{"line":68,"column":1}},"line":14}},"branchMap":{},"s":{"0":0,"1":0},"f":{"0":0},"b":{},"hash":"c1a57a2d195d57f7a293fa67d5127802b1876a1e"}
,"/Users/gabrielpenalva/Documents/Skylab Hired/gabriel-penalva-skylab-hired/Client/skylab-hired/src/components/login.component.jsx": {"path":"/Users/gabrielpenalva/Documents/Skylab Hired/gabriel-penalva-skylab-hired/Client/skylab-hired/src/components/login.component.jsx","statementMap":{"0":{"start":{"line":10,"column":27},"end":{"line":10,"column":39}},"1":{"start":{"line":11,"column":33},"end":{"line":11,"column":45}},"2":{"start":{"line":12,"column":25},"end":{"line":12,"column":39}},"3":{"start":{"line":14,"column":1},"end":{"line":22,"column":12}},"4":{"start":{"line":15,"column":2},"end":{"line":15,"column":36}},"5":{"start":{"line":16,"column":2},"end":{"line":18,"column":3}},"6":{"start":{"line":17,"column":3},"end":{"line":17,"column":28}},"7":{"start":{"line":19,"column":2},"end":{"line":21,"column":4}},"8":{"start":{"line":20,"column":3},"end":{"line":20,"column":47}},"9":{"start":{"line":25,"column":2},"end":{"line":25,"column":27}},"10":{"start":{"line":28,"column":2},"end":{"line":28,"column":26}},"11":{"start":{"line":30,"column":1},"end":{"line":32,"column":2}},"12":{"start":{"line":31,"column":2},"end":{"line":31,"column":29}},"13":{"start":{"line":34,"column":1},"end":{"line":77,"column":3}},"14":{"start":{"line":49,"column":29},"end":{"line":49,"column":71}},"15":{"start":{"line":61,"column":29},"end":{"line":61,"column":67}},"16":{"start":{"line":65,"column":22},"end":{"line":65,"column":47}}},"fnMap":{"0":{"name":"Login","decl":{"start":{"line":9,"column":9},"end":{"line":9,"column":14}},"loc":{"start":{"line":9,"column":17},"end":{"line":78,"column":1}},"line":9},"1":{"name":"(anonymous_1)","decl":{"start":{"line":14,"column":11},"end":{"line":14,"column":12}},"loc":{"start":{"line":14,"column":17},"end":{"line":22,"column":2}},"line":14},"2":{"name":"(anonymous_2)","decl":{"start":{"line":19,"column":9},"end":{"line":19,"column":10}},"loc":{"start":{"line":19,"column":15},"end":{"line":21,"column":3}},"line":19},"3":{"name":"onChange","decl":{"start":{"line":24,"column":10},"end":{"line":24,"column":18}},"loc":{"start":{"line":24,"column":21},"end":{"line":26,"column":2}},"line":24},"4":{"name":"sendUser","decl":{"start":{"line":27,"column":10},"end":{"line":27,"column":18}},"loc":{"start":{"line":27,"column":25},"end":{"line":29,"column":2}},"line":27},"5":{"name":"(anonymous_5)","decl":{"start":{"line":49,"column":18},"end":{"line":49,"column":19}},"loc":{"start":{"line":49,"column":29},"end":{"line":49,"column":71}},"line":49},"6":{"name":"(anonymous_6)","decl":{"start":{"line":61,"column":18},"end":{"line":61,"column":19}},"loc":{"start":{"line":61,"column":29},"end":{"line":61,"column":67}},"line":61},"7":{"name":"(anonymous_7)","decl":{"start":{"line":65,"column":16},"end":{"line":65,"column":17}},"loc":{"start":{"line":65,"column":22},"end":{"line":65,"column":47}},"line":65}},"branchMap":{"0":{"loc":{"start":{"line":16,"column":2},"end":{"line":18,"column":3}},"type":"if","locations":[{"start":{"line":16,"column":2},"end":{"line":18,"column":3}},{"start":{"line":16,"column":2},"end":{"line":18,"column":3}}],"line":16},"1":{"loc":{"start":{"line":30,"column":1},"end":{"line":32,"column":2}},"type":"if","locations":[{"start":{"line":30,"column":1},"end":{"line":32,"column":2}},{"start":{"line":30,"column":1},"end":{"line":32,"column":2}}],"line":30}},"s":{"0":0,"1":0,"2":0,"3":0,"4":0,"5":0,"6":0,"7":0,"8":0,"9":0,"10":0,"11":0,"12":0,"13":0,"14":0,"15":0,"16":0},"f":{"0":0,"1":0,"2":0,"3":0,"4":0,"5":0,"6":0,"7":0},"b":{"0":[0,0],"1":[0,0]},"hash":"38565ce00b243723219077d3d7004a72bc8c0767"}
,"/Users/gabrielpenalva/Documents/Skylab Hired/gabriel-penalva-skylab-hired/Client/skylab-hired/src/components/logo.component.jsx": {"path":"/Users/gabrielpenalva/Documents/Skylab Hired/gabriel-penalva-skylab-hired/Client/skylab-hired/src/components/logo.component.jsx","statementMap":{"0":{"start":{"line":5,"column":1},"end":{"line":21,"column":3}}},"fnMap":{"0":{"name":"Logo","decl":{"start":{"line":4,"column":9},"end":{"line":4,"column":13}},"loc":{"start":{"line":4,"column":16},"end":{"line":22,"column":1}},"line":4}},"branchMap":{},"s":{"0":0},"f":{"0":0},"b":{},"hash":"39c576e695913b5a7184bb0e716c35d454fbeecb"}
,"/Users/gabrielpenalva/Documents/Skylab Hired/gabriel-penalva-skylab-hired/Client/skylab-hired/src/components/nav.component.jsx": {"path":"/Users/gabrielpenalva/Documents/Skylab Hired/gabriel-penalva-skylab-hired/Client/skylab-hired/src/components/nav.component.jsx","statementMap":{"0":{"start":{"line":8,"column":15},"end":{"line":8,"column":27}},"1":{"start":{"line":9,"column":12},"end":{"line":9,"column":27}},"2":{"start":{"line":11,"column":2},"end":{"line":11,"column":17}},"3":{"start":{"line":12,"column":2},"end":{"line":12,"column":20}},"4":{"start":{"line":14,"column":1},"end":{"line":37,"column":3}},"5":{"start":{"line":33,"column":28},"end":{"line":33,"column":36}}},"fnMap":{"0":{"name":"Nav","decl":{"start":{"line":7,"column":9},"end":{"line":7,"column":12}},"loc":{"start":{"line":7,"column":15},"end":{"line":38,"column":1}},"line":7},"1":{"name":"logout","decl":{"start":{"line":10,"column":10},"end":{"line":10,"column":16}},"loc":{"start":{"line":10,"column":19},"end":{"line":13,"column":2}},"line":10},"2":{"name":"(anonymous_2)","decl":{"start":{"line":33,"column":22},"end":{"line":33,"column":23}},"loc":{"start":{"line":33,"column":28},"end":{"line":33,"column":36}},"line":33}},"branchMap":{"0":{"loc":{"start":{"line":24,"column":6},"end":{"line":30,"column":6}},"type":"binary-expr","locations":[{"start":{"line":24,"column":6},"end":{"line":24,"column":26}},{"start":{"line":25,"column":6},"end":{"line":29,"column":8}}],"line":24}},"s":{"0":0,"1":0,"2":0,"3":0,"4":0,"5":0},"f":{"0":0,"1":0,"2":0},"b":{"0":[0,0]},"hash":"0f3f64d453a562b8e3b361c02f41bf6d7e0db4fd"}
,"/Users/gabrielpenalva/Documents/Skylab Hired/gabriel-penalva-skylab-hired/Client/skylab-hired/src/components/popup.component.jsx": {"path":"/Users/gabrielpenalva/Documents/Skylab Hired/gabriel-penalva-skylab-hired/Client/skylab-hired/src/components/popup.component.jsx","statementMap":{"0":{"start":{"line":7,"column":1},"end":{"line":7,"column":63}},"1":{"start":{"line":10,"column":18},"end":{"line":17,"column":3}},"2":{"start":{"line":10,"column":41},"end":{"line":17,"column":1}},"3":{"start":{"line":20,"column":17},"end":{"line":20,"column":28}},"4":{"start":{"line":21,"column":25},"end":{"line":21,"column":45}},"5":{"start":{"line":23,"column":21},"end":{"line":29,"column":2}},"6":{"start":{"line":24,"column":2},"end":{"line":26,"column":3}},"7":{"start":{"line":25,"column":3},"end":{"line":25,"column":10}},"8":{"start":{"line":28,"column":2},"end":{"line":28,"column":17}},"9":{"start":{"line":31,"column":1},"end":{"line":43,"column":3}}},"fnMap":{"0":{"name":"Alert","decl":{"start":{"line":6,"column":9},"end":{"line":6,"column":14}},"loc":{"start":{"line":6,"column":22},"end":{"line":8,"column":1}},"line":6},"1":{"name":"(anonymous_1)","decl":{"start":{"line":10,"column":29},"end":{"line":10,"column":30}},"loc":{"start":{"line":10,"column":41},"end":{"line":17,"column":1}},"line":10},"2":{"name":"PopUp","decl":{"start":{"line":19,"column":24},"end":{"line":19,"column":29}},"loc":{"start":{"line":19,"column":49},"end":{"line":44,"column":1}},"line":19},"3":{"name":"(anonymous_3)","decl":{"start":{"line":23,"column":21},"end":{"line":23,"column":22}},"loc":{"start":{"line":23,"column":40},"end":{"line":29,"column":2}},"line":23}},"branchMap":{"0":{"loc":{"start":{"line":24,"column":2},"end":{"line":26,"column":3}},"type":"if","locations":[{"start":{"line":24,"column":2},"end":{"line":26,"column":3}},{"start":{"line":24,"column":2},"end":{"line":26,"column":3}}],"line":24}},"s":{"0":0,"1":3,"2":0,"3":0,"4":0,"5":0,"6":0,"7":0,"8":0,"9":0},"f":{"0":0,"1":0,"2":0,"3":0},"b":{"0":[0,0]},"_coverageSchema":"43e27e138ebf9cfc5966b082cf9a028302ed4184","hash":"27d20c619ed4eeca959d3fe56d7602b2dd235469"}
,"/Users/gabrielpenalva/Documents/Skylab Hired/gabriel-penalva-skylab-hired/Client/skylab-hired/src/components/profile.component.jsx": {"path":"/Users/gabrielpenalva/Documents/Skylab Hired/gabriel-penalva-skylab-hired/Client/skylab-hired/src/components/profile.component.jsx","statementMap":{"0":{"start":{"line":9,"column":25},"end":{"line":9,"column":50}},"1":{"start":{"line":10,"column":1},"end":{"line":16,"column":8}},"2":{"start":{"line":11,"column":2},"end":{"line":11,"column":36}},"3":{"start":{"line":13,"column":2},"end":{"line":15,"column":4}},"4":{"start":{"line":14,"column":3},"end":{"line":14,"column":47}},"5":{"start":{"line":18,"column":2},"end":{"line":18,"column":27}},"6":{"start":{"line":20,"column":1},"end":{"line":20,"column":24}},"7":{"start":{"line":22,"column":1},"end":{"line":24,"column":2}},"8":{"start":{"line":23,"column":2},"end":{"line":23,"column":29}},"9":{"start":{"line":25,"column":1},"end":{"line":54,"column":3}}},"fnMap":{"0":{"name":"Profile","decl":{"start":{"line":8,"column":9},"end":{"line":8,"column":16}},"loc":{"start":{"line":8,"column":19},"end":{"line":55,"column":1}},"line":8},"1":{"name":"(anonymous_1)","decl":{"start":{"line":10,"column":11},"end":{"line":10,"column":12}},"loc":{"start":{"line":10,"column":17},"end":{"line":16,"column":2}},"line":10},"2":{"name":"(anonymous_2)","decl":{"start":{"line":13,"column":9},"end":{"line":13,"column":10}},"loc":{"start":{"line":13,"column":15},"end":{"line":15,"column":3}},"line":13},"3":{"name":"onChange","decl":{"start":{"line":17,"column":10},"end":{"line":17,"column":18}},"loc":{"start":{"line":17,"column":21},"end":{"line":19,"column":2}},"line":17}},"branchMap":{"0":{"loc":{"start":{"line":22,"column":1},"end":{"line":24,"column":2}},"type":"if","locations":[{"start":{"line":22,"column":1},"end":{"line":24,"column":2}},{"start":{"line":22,"column":1},"end":{"line":24,"column":2}}],"line":22}},"s":{"0":0,"1":0,"2":0,"3":0,"4":0,"5":0,"6":0,"7":0,"8":0,"9":0},"f":{"0":0,"1":0,"2":0,"3":0},"b":{"0":[0,0]},"hash":"71e7ba999150ada105354efe55cbb7de8809f22e"}
,"/Users/gabrielpenalva/Documents/Skylab Hired/gabriel-penalva-skylab-hired/Client/skylab-hired/src/components/register.component.jsx": {"path":"/Users/gabrielpenalva/Documents/Skylab Hired/gabriel-penalva-skylab-hired/Client/skylab-hired/src/components/register.component.jsx","statementMap":{"0":{"start":{"line":9,"column":25},"end":{"line":9,"column":37}},"1":{"start":{"line":10,"column":25},"end":{"line":10,"column":37}},"2":{"start":{"line":11,"column":33},"end":{"line":11,"column":45}},"3":{"start":{"line":12,"column":27},"end":{"line":12,"column":39}},"4":{"start":{"line":13,"column":33},"end":{"line":13,"column":45}},"5":{"start":{"line":14,"column":33},"end":{"line":14,"column":47}},"6":{"start":{"line":16,"column":1},"end":{"line":22,"column":16}},"7":{"start":{"line":17,"column":2},"end":{"line":17,"column":36}},"8":{"start":{"line":19,"column":2},"end":{"line":21,"column":4}},"9":{"start":{"line":20,"column":3},"end":{"line":20,"column":47}},"10":{"start":{"line":25,"column":2},"end":{"line":25,"column":35}},"11":{"start":{"line":28,"column":1},"end":{"line":31,"column":2}},"12":{"start":{"line":29,"column":2},"end":{"line":29,"column":22}},"13":{"start":{"line":30,"column":2},"end":{"line":30,"column":29}},"14":{"start":{"line":33,"column":1},"end":{"line":122,"column":3}},"15":{"start":{"line":43,"column":8},"end":{"line":43,"column":67}},"16":{"start":{"line":53,"column":30},"end":{"line":53,"column":57}},"17":{"start":{"line":65,"column":30},"end":{"line":65,"column":64}},"18":{"start":{"line":78,"column":30},"end":{"line":78,"column":68}},"19":{"start":{"line":91,"column":10},"end":{"line":91,"column":52}},"20":{"start":{"line":108,"column":30},"end":{"line":108,"column":68}}},"fnMap":{"0":{"name":"Register","decl":{"start":{"line":8,"column":9},"end":{"line":8,"column":17}},"loc":{"start":{"line":8,"column":20},"end":{"line":123,"column":1}},"line":8},"1":{"name":"(anonymous_1)","decl":{"start":{"line":16,"column":11},"end":{"line":16,"column":12}},"loc":{"start":{"line":16,"column":17},"end":{"line":22,"column":2}},"line":16},"2":{"name":"(anonymous_2)","decl":{"start":{"line":19,"column":9},"end":{"line":19,"column":10}},"loc":{"start":{"line":19,"column":15},"end":{"line":21,"column":3}},"line":19},"3":{"name":"onChange","decl":{"start":{"line":24,"column":10},"end":{"line":24,"column":18}},"loc":{"start":{"line":24,"column":21},"end":{"line":26,"column":2}},"line":24},"4":{"name":"(anonymous_4)","decl":{"start":{"line":42,"column":17},"end":{"line":42,"column":18}},"loc":{"start":{"line":43,"column":8},"end":{"line":43,"column":67}},"line":43},"5":{"name":"(anonymous_5)","decl":{"start":{"line":53,"column":19},"end":{"line":53,"column":20}},"loc":{"start":{"line":53,"column":30},"end":{"line":53,"column":57}},"line":53},"6":{"name":"(anonymous_6)","decl":{"start":{"line":65,"column":19},"end":{"line":65,"column":20}},"loc":{"start":{"line":65,"column":30},"end":{"line":65,"column":64}},"line":65},"7":{"name":"(anonymous_7)","decl":{"start":{"line":78,"column":19},"end":{"line":78,"column":20}},"loc":{"start":{"line":78,"column":30},"end":{"line":78,"column":68}},"line":78},"8":{"name":"(anonymous_8)","decl":{"start":{"line":90,"column":19},"end":{"line":90,"column":20}},"loc":{"start":{"line":91,"column":10},"end":{"line":91,"column":52}},"line":91},"9":{"name":"(anonymous_9)","decl":{"start":{"line":108,"column":19},"end":{"line":108,"column":20}},"loc":{"start":{"line":108,"column":30},"end":{"line":108,"column":68}},"line":108}},"branchMap":{"0":{"loc":{"start":{"line":28,"column":1},"end":{"line":31,"column":2}},"type":"if","locations":[{"start":{"line":28,"column":1},"end":{"line":31,"column":2}},{"start":{"line":28,"column":1},"end":{"line":31,"column":2}}],"line":28}},"s":{"0":0,"1":0,"2":0,"3":0,"4":0,"5":0,"6":0,"7":0,"8":0,"9":0,"10":0,"11":0,"12":0,"13":0,"14":0,"15":0,"16":0,"17":0,"18":0,"19":0,"20":0},"f":{"0":0,"1":0,"2":0,"3":0,"4":0,"5":0,"6":0,"7":0,"8":0,"9":0},"b":{"0":[0,0]},"hash":"c309d5d304f4c6845deb80f830d1d75ee461415b"}
,"/Users/gabrielpenalva/Documents/Skylab Hired/gabriel-penalva-skylab-hired/Client/skylab-hired/src/components/userEntries.component.jsx": {"path":"/Users/gabrielpenalva/Documents/Skylab Hired/gabriel-penalva-skylab-hired/Client/skylab-hired/src/components/userEntries.component.jsx","statementMap":{"0":{"start":{"line":9,"column":29},"end":{"line":9,"column":41}},"1":{"start":{"line":10,"column":13},"end":{"line":10,"column":28}},"2":{"start":{"line":11,"column":1},"end":{"line":19,"column":21}},"3":{"start":{"line":12,"column":2},"end":{"line":12,"column":36}},"4":{"start":{"line":13,"column":2},"end":{"line":15,"column":3}},"5":{"start":{"line":14,"column":3},"end":{"line":14,"column":30}},"6":{"start":{"line":16,"column":2},"end":{"line":18,"column":4}},"7":{"start":{"line":17,"column":3},"end":{"line":17,"column":47}},"8":{"start":{"line":22,"column":2},"end":{"line":22,"column":38}},"9":{"start":{"line":25,"column":1},"end":{"line":42,"column":3}},"10":{"start":{"line":29,"column":5},"end":{"line":29,"column":65}}},"fnMap":{"0":{"name":"UserEntries","decl":{"start":{"line":8,"column":9},"end":{"line":8,"column":20}},"loc":{"start":{"line":8,"column":31},"end":{"line":43,"column":1}},"line":8},"1":{"name":"(anonymous_1)","decl":{"start":{"line":11,"column":11},"end":{"line":11,"column":12}},"loc":{"start":{"line":11,"column":17},"end":{"line":19,"column":2}},"line":11},"2":{"name":"(anonymous_2)","decl":{"start":{"line":16,"column":9},"end":{"line":16,"column":10}},"loc":{"start":{"line":16,"column":15},"end":{"line":18,"column":3}},"line":16},"3":{"name":"onChange","decl":{"start":{"line":21,"column":10},"end":{"line":21,"column":18}},"loc":{"start":{"line":21,"column":21},"end":{"line":23,"column":2}},"line":21},"4":{"name":"(anonymous_4)","decl":{"start":{"line":28,"column":15},"end":{"line":28,"column":16}},"loc":{"start":{"line":28,"column":28},"end":{"line":30,"column":5}},"line":28}},"branchMap":{"0":{"loc":{"start":{"line":13,"column":2},"end":{"line":15,"column":3}},"type":"if","locations":[{"start":{"line":13,"column":2},"end":{"line":15,"column":3}},{"start":{"line":13,"column":2},"end":{"line":15,"column":3}}],"line":13},"1":{"loc":{"start":{"line":27,"column":4},"end":{"line":30,"column":6}},"type":"binary-expr","locations":[{"start":{"line":27,"column":4},"end":{"line":27,"column":23}},{"start":{"line":28,"column":4},"end":{"line":30,"column":6}}],"line":27},"2":{"loc":{"start":{"line":32,"column":4},"end":{"line":40,"column":4}},"type":"binary-expr","locations":[{"start":{"line":32,"column":4},"end":{"line":32,"column":23}},{"start":{"line":33,"column":4},"end":{"line":39,"column":10}}],"line":32}},"s":{"0":0,"1":0,"2":0,"3":0,"4":0,"5":0,"6":0,"7":0,"8":0,"9":0,"10":0},"f":{"0":0,"1":0,"2":0,"3":0,"4":0},"b":{"0":[0,0],"1":[0,0],"2":[0,0]},"hash":"8bf301eb34a436ae77304832567a3a773491750a"}
,"/Users/gabrielpenalva/Documents/Skylab Hired/gabriel-penalva-skylab-hired/Client/skylab-hired/src/dispatcher/dispatcher.js": {"path":"/Users/gabrielpenalva/Documents/Skylab Hired/gabriel-penalva-skylab-hired/Client/skylab-hired/src/dispatcher/dispatcher.js","statementMap":{"0":{"start":{"line":3,"column":19},"end":{"line":3,"column":35}}},"fnMap":{},"branchMap":{},"s":{"0":2},"f":{},"b":{},"_coverageSchema":"43e27e138ebf9cfc5966b082cf9a028302ed4184","hash":"8e92bedf563e1fc535cd554f16556548975db090"}
,"/Users/gabrielpenalva/Documents/Skylab Hired/gabriel-penalva-skylab-hired/Client/skylab-hired/src/errors/errorsHandle.js": {"path":"/Users/gabrielpenalva/Documents/Skylab Hired/gabriel-penalva-skylab-hired/Client/skylab-hired/src/errors/errorsHandle.js","statementMap":{"0":{"start":{"line":4,"column":17},"end":{"line":9,"column":1}},"1":{"start":{"line":11,"column":18},"end":{"line":11,"column":31}},"2":{"start":{"line":12,"column":15},"end":{"line":12,"column":21}},"3":{"start":{"line":13,"column":4},"end":{"line":13,"column":22}},"4":{"start":{"line":14,"column":4},"end":{"line":33,"column":5}},"5":{"start":{"line":19,"column":12},"end":{"line":19,"column":33}},"6":{"start":{"line":20,"column":12},"end":{"line":20,"column":18}},"7":{"start":{"line":23,"column":12},"end":{"line":23,"column":35}},"8":{"start":{"line":24,"column":12},"end":{"line":24,"column":18}},"9":{"start":{"line":27,"column":12},"end":{"line":27,"column":35}},"10":{"start":{"line":28,"column":12},"end":{"line":28,"column":18}},"11":{"start":{"line":31,"column":12},"end":{"line":31,"column":32}},"12":{"start":{"line":32,"column":12},"end":{"line":32,"column":18}},"13":{"start":{"line":34,"column":4},"end":{"line":34,"column":52}}},"fnMap":{"0":{"name":"errorsHandle","decl":{"start":{"line":10,"column":9},"end":{"line":10,"column":21}},"loc":{"start":{"line":10,"column":33},"end":{"line":36,"column":1}},"line":10}},"branchMap":{"0":{"loc":{"start":{"line":14,"column":4},"end":{"line":33,"column":5}},"type":"switch","locations":[{"start":{"line":15,"column":8},"end":{"line":15,"column":15}},{"start":{"line":16,"column":8},"end":{"line":16,"column":15}},{"start":{"line":17,"column":8},"end":{"line":17,"column":15}},{"start":{"line":18,"column":8},"end":{"line":20,"column":18}},{"start":{"line":22,"column":8},"end":{"line":24,"column":18}},{"start":{"line":25,"column":8},"end":{"line":25,"column":15}},{"start":{"line":26,"column":8},"end":{"line":28,"column":18}},{"start":{"line":30,"column":8},"end":{"line":32,"column":18}}],"line":14}},"s":{"0":3,"1":4,"2":4,"3":4,"4":4,"5":1,"6":1,"7":1,"8":1,"9":1,"10":1,"11":1,"12":1,"13":4},"f":{"0":4},"b":{"0":[1,1,1,1,1,1,1,1]},"_coverageSchema":"43e27e138ebf9cfc5966b082cf9a028302ed4184","hash":"7de835c4764f897577e05fdaa943a5a312890621"}
,"/Users/gabrielpenalva/Documents/Skylab Hired/gabriel-penalva-skylab-hired/Client/skylab-hired/src/icons/icons.js": {"path":"/Users/gabrielpenalva/Documents/Skylab Hired/gabriel-penalva-skylab-hired/Client/skylab-hired/src/icons/icons.js","statementMap":{"0":{"start":{"line":2,"column":14},"end":{"line":19,"column":1}}},"fnMap":{},"branchMap":{},"s":{"0":0},"f":{},"b":{},"hash":"7c1f46e0310a76c5acca8f62ad90055168191ab6"}
,"/Users/gabrielpenalva/Documents/Skylab Hired/gabriel-penalva-skylab-hired/Client/skylab-hired/src/icons/navIcons.js": {"path":"/Users/gabrielpenalva/Documents/Skylab Hired/gabriel-penalva-skylab-hired/Client/skylab-hired/src/icons/navIcons.js","statementMap":{"0":{"start":{"line":1,"column":17},"end":{"line":6,"column":1}}},"fnMap":{},"branchMap":{},"s":{"0":0},"f":{},"b":{},"hash":"ca36ff091c7204218f2de0727583c2cbd7ebd56b"}
,"/Users/gabrielpenalva/Documents/Skylab Hired/gabriel-penalva-skylab-hired/Client/skylab-hired/src/store/store.js": {"path":"/Users/gabrielpenalva/Documents/Skylab Hired/gabriel-penalva-skylab-hired/Client/skylab-hired/src/store/store.js","statementMap":{"0":{"start":{"line":12,"column":21},"end":{"line":12,"column":29}},"1":{"start":{"line":13,"column":13},"end":{"line":13,"column":15}},"2":{"start":{"line":14,"column":24},"end":{"line":14,"column":26}},"3":{"start":{"line":15,"column":15},"end":{"line":15,"column":20}},"4":{"start":{"line":16,"column":17},"end":{"line":16,"column":22}},"5":{"start":{"line":17,"column":15},"end":{"line":17,"column":17}},"6":{"start":{"line":18,"column":17},"end":{"line":18,"column":22}},"7":{"start":{"line":24,"column":8},"end":{"line":24,"column":40}},"8":{"start":{"line":28,"column":8},"end":{"line":28,"column":52}},"9":{"start":{"line":32,"column":8},"end":{"line":32,"column":32}},"10":{"start":{"line":36,"column":8},"end":{"line":36,"column":22}},"11":{"start":{"line":40,"column":8},"end":{"line":40,"column":65}},"12":{"start":{"line":43,"column":8},"end":{"line":43,"column":49}},"13":{"start":{"line":44,"column":8},"end":{"line":44,"column":67}},"14":{"start":{"line":50,"column":8},"end":{"line":50,"column":33}},"15":{"start":{"line":53,"column":20},"end":{"line":53,"column":64}},"16":{"start":{"line":53,"column":45},"end":{"line":53,"column":63}},"17":{"start":{"line":54,"column":8},"end":{"line":54,"column":18}},"18":{"start":{"line":57,"column":20},"end":{"line":57,"column":42}},"19":{"start":{"line":59,"column":20},"end":{"line":67,"column":14}},"20":{"start":{"line":60,"column":12},"end":{"line":65,"column":13}},"21":{"start":{"line":61,"column":32},"end":{"line":61,"column":77}},"22":{"start":{"line":61,"column":56},"end":{"line":61,"column":76}},"23":{"start":{"line":62,"column":16},"end":{"line":64,"column":17}},"24":{"start":{"line":63,"column":20},"end":{"line":63,"column":44}},"25":{"start":{"line":66,"column":12},"end":{"line":66,"column":22}},"26":{"start":{"line":69,"column":8},"end":{"line":69,"column":18}},"27":{"start":{"line":72,"column":8},"end":{"line":75,"column":9}},"28":{"start":{"line":73,"column":12},"end":{"line":73,"column":31}},"29":{"start":{"line":74,"column":12},"end":{"line":74,"column":24}},"30":{"start":{"line":76,"column":8},"end":{"line":76,"column":21}},"31":{"start":{"line":81,"column":8},"end":{"line":81,"column":49}},"32":{"start":{"line":82,"column":8},"end":{"line":82,"column":57}},"33":{"start":{"line":83,"column":8},"end":{"line":83,"column":26}},"34":{"start":{"line":86,"column":8},"end":{"line":86,"column":66}},"35":{"start":{"line":90,"column":8},"end":{"line":90,"column":27}},"36":{"start":{"line":91,"column":8},"end":{"line":91,"column":26}},"37":{"start":{"line":94,"column":8},"end":{"line":100,"column":9}},"38":{"start":{"line":96,"column":12},"end":{"line":99,"column":20}},"39":{"start":{"line":97,"column":16},"end":{"line":97,"column":34}},"40":{"start":{"line":98,"column":16},"end":{"line":98,"column":33}},"41":{"start":{"line":104,"column":8},"end":{"line":104,"column":23}},"42":{"start":{"line":107,"column":8},"end":{"line":107,"column":25}},"43":{"start":{"line":112,"column":14},"end":{"line":112,"column":27}},"44":{"start":{"line":113,"column":0},"end":{"line":154,"column":3}},"45":{"start":{"line":114,"column":4},"end":{"line":151,"column":5}},"46":{"start":{"line":116,"column":12},"end":{"line":116,"column":33}},"47":{"start":{"line":117,"column":12},"end":{"line":117,"column":31}},"48":{"start":{"line":118,"column":12},"end":{"line":118,"column":18}},"49":{"start":{"line":120,"column":12},"end":{"line":120,"column":83}},"50":{"start":{"line":121,"column":12},"end":{"line":121,"column":91}},"51":{"start":{"line":122,"column":12},"end":{"line":122,"column":31}},"52":{"start":{"line":123,"column":12},"end":{"line":123,"column":18}},"53":{"start":{"line":125,"column":12},"end":{"line":125,"column":28}},"54":{"start":{"line":126,"column":12},"end":{"line":126,"column":50}},"55":{"start":{"line":127,"column":12},"end":{"line":127,"column":31}},"56":{"start":{"line":128,"column":12},"end":{"line":128,"column":18}},"57":{"start":{"line":130,"column":12},"end":{"line":130,"column":43}},"58":{"start":{"line":131,"column":12},"end":{"line":131,"column":30}},"59":{"start":{"line":132,"column":12},"end":{"line":132,"column":18}},"60":{"start":{"line":134,"column":12},"end":{"line":134,"column":34}},"61":{"start":{"line":135,"column":12},"end":{"line":135,"column":31}},"62":{"start":{"line":136,"column":12},"end":{"line":136,"column":18}},"63":{"start":{"line":138,"column":12},"end":{"line":138,"column":30}},"64":{"start":{"line":139,"column":12},"end":{"line":139,"column":51}},"65":{"start":{"line":140,"column":12},"end":{"line":140,"column":31}},"66":{"start":{"line":141,"column":12},"end":{"line":141,"column":18}},"67":{"start":{"line":145,"column":12},"end":{"line":145,"column":51}},"68":{"start":{"line":146,"column":12},"end":{"line":146,"column":31}},"69":{"start":{"line":147,"column":12},"end":{"line":147,"column":18}},"70":{"start":{"line":150,"column":12},"end":{"line":150,"column":18}}},"fnMap":{"0":{"name":"(anonymous_0)","decl":{"start":{"line":23,"column":4},"end":{"line":23,"column":5}},"loc":{"start":{"line":23,"column":32},"end":{"line":25,"column":5}},"line":23},"1":{"name":"(anonymous_1)","decl":{"start":{"line":27,"column":4},"end":{"line":27,"column":5}},"loc":{"start":{"line":27,"column":35},"end":{"line":29,"column":5}},"line":27},"2":{"name":"(anonymous_2)","decl":{"start":{"line":31,"column":4},"end":{"line":31,"column":5}},"loc":{"start":{"line":31,"column":17},"end":{"line":33,"column":5}},"line":31},"3":{"name":"(anonymous_3)","decl":{"start":{"line":35,"column":4},"end":{"line":35,"column":5}},"loc":{"start":{"line":35,"column":16},"end":{"line":37,"column":5}},"line":35},"4":{"name":"(anonymous_4)","decl":{"start":{"line":39,"column":4},"end":{"line":39,"column":5}},"loc":{"start":{"line":39,"column":14},"end":{"line":41,"column":5}},"line":39},"5":{"name":"(anonymous_5)","decl":{"start":{"line":42,"column":4},"end":{"line":42,"column":5}},"loc":{"start":{"line":42,"column":18},"end":{"line":45,"column":5}},"line":42},"6":{"name":"(anonymous_6)","decl":{"start":{"line":49,"column":4},"end":{"line":49,"column":5}},"loc":{"start":{"line":49,"column":23},"end":{"line":51,"column":5}},"line":49},"7":{"name":"(anonymous_7)","decl":{"start":{"line":52,"column":4},"end":{"line":52,"column":5}},"loc":{"start":{"line":52,"column":20},"end":{"line":55,"column":5}},"line":52},"8":{"name":"(anonymous_8)","decl":{"start":{"line":53,"column":32},"end":{"line":53,"column":33}},"loc":{"start":{"line":53,"column":45},"end":{"line":53,"column":63}},"line":53},"9":{"name":"(anonymous_9)","decl":{"start":{"line":56,"column":4},"end":{"line":56,"column":5}},"loc":{"start":{"line":56,"column":27},"end":{"line":70,"column":5}},"line":56},"10":{"name":"(anonymous_10)","decl":{"start":{"line":59,"column":31},"end":{"line":59,"column":32}},"loc":{"start":{"line":59,"column":49},"end":{"line":67,"column":9}},"line":59},"11":{"name":"(anonymous_11)","decl":{"start":{"line":61,"column":46},"end":{"line":61,"column":47}},"loc":{"start":{"line":61,"column":56},"end":{"line":61,"column":76}},"line":61},"12":{"name":"(anonymous_12)","decl":{"start":{"line":71,"column":4},"end":{"line":71,"column":5}},"loc":{"start":{"line":71,"column":19},"end":{"line":77,"column":5}},"line":71},"13":{"name":"(anonymous_13)","decl":{"start":{"line":80,"column":4},"end":{"line":80,"column":5}},"loc":{"start":{"line":80,"column":13},"end":{"line":84,"column":5}},"line":80},"14":{"name":"(anonymous_14)","decl":{"start":{"line":85,"column":4},"end":{"line":85,"column":5}},"loc":{"start":{"line":85,"column":24},"end":{"line":87,"column":5}},"line":85},"15":{"name":"(anonymous_15)","decl":{"start":{"line":89,"column":4},"end":{"line":89,"column":5}},"loc":{"start":{"line":89,"column":17},"end":{"line":92,"column":5}},"line":89},"16":{"name":"(anonymous_16)","decl":{"start":{"line":93,"column":4},"end":{"line":93,"column":5}},"loc":{"start":{"line":93,"column":19},"end":{"line":102,"column":5}},"line":93},"17":{"name":"(anonymous_17)","decl":{"start":{"line":96,"column":23},"end":{"line":96,"column":24}},"loc":{"start":{"line":96,"column":29},"end":{"line":99,"column":13}},"line":96},"18":{"name":"(anonymous_18)","decl":{"start":{"line":103,"column":4},"end":{"line":103,"column":5}},"loc":{"start":{"line":103,"column":18},"end":{"line":105,"column":5}},"line":103},"19":{"name":"(anonymous_19)","decl":{"start":{"line":106,"column":4},"end":{"line":106,"column":5}},"loc":{"start":{"line":106,"column":18},"end":{"line":108,"column":5}},"line":106},"20":{"name":"(anonymous_20)","decl":{"start":{"line":113,"column":20},"end":{"line":113,"column":21}},"loc":{"start":{"line":113,"column":32},"end":{"line":154,"column":1}},"line":113}},"branchMap":{"0":{"loc":{"start":{"line":60,"column":12},"end":{"line":65,"column":13}},"type":"if","locations":[{"start":{"line":60,"column":12},"end":{"line":65,"column":13}},{"start":{"line":60,"column":12},"end":{"line":65,"column":13}}],"line":60},"1":{"loc":{"start":{"line":62,"column":16},"end":{"line":64,"column":17}},"type":"if","locations":[{"start":{"line":62,"column":16},"end":{"line":64,"column":17}},{"start":{"line":62,"column":16},"end":{"line":64,"column":17}}],"line":62},"2":{"loc":{"start":{"line":72,"column":8},"end":{"line":75,"column":9}},"type":"if","locations":[{"start":{"line":72,"column":8},"end":{"line":75,"column":9}},{"start":{"line":72,"column":8},"end":{"line":75,"column":9}}],"line":72},"3":{"loc":{"start":{"line":94,"column":8},"end":{"line":100,"column":9}},"type":"if","locations":[{"start":{"line":94,"column":8},"end":{"line":100,"column":9}},{"start":{"line":94,"column":8},"end":{"line":100,"column":9}}],"line":94},"4":{"loc":{"start":{"line":114,"column":4},"end":{"line":151,"column":5}},"type":"switch","locations":[{"start":{"line":115,"column":8},"end":{"line":118,"column":18}},{"start":{"line":119,"column":8},"end":{"line":123,"column":18}},{"start":{"line":124,"column":8},"end":{"line":128,"column":18}},{"start":{"line":129,"column":8},"end":{"line":132,"column":18}},{"start":{"line":133,"column":8},"end":{"line":136,"column":18}},{"start":{"line":137,"column":8},"end":{"line":141,"column":18}},{"start":{"line":142,"column":8},"end":{"line":142,"column":31}},{"start":{"line":143,"column":8},"end":{"line":143,"column":35}},{"start":{"line":144,"column":8},"end":{"line":147,"column":18}},{"start":{"line":149,"column":8},"end":{"line":150,"column":18}}],"line":114}},"s":{"0":2,"1":2,"2":2,"3":2,"4":2,"5":2,"6":2,"7":12,"8":12,"9":53,"10":3,"11":3,"12":1,"13":1,"14":1,"15":1,"16":1,"17":1,"18":3,"19":3,"20":8,"21":5,"22":12,"23":5,"24":3,"25":5,"26":3,"27":2,"28":1,"29":1,"30":1,"31":1,"32":1,"33":1,"34":1,"35":2,"36":2,"37":2,"38":1,"39":0,"40":0,"41":3,"42":1,"43":2,"44":2,"45":53,"46":15,"47":15,"48":15,"49":3,"50":3,"51":3,"52":3,"53":2,"54":2,"55":2,"56":2,"57":2,"58":2,"59":2,"60":3,"61":3,"62":3,"63":2,"64":2,"65":2,"66":2,"67":25,"68":25,"69":25,"70":1},"f":{"0":12,"1":12,"2":53,"3":3,"4":3,"5":1,"6":1,"7":1,"8":1,"9":3,"10":8,"11":12,"12":2,"13":1,"14":1,"15":2,"16":2,"17":0,"18":3,"19":1,"20":53},"b":{"0":[5,3],"1":[3,2],"2":[1,1],"3":[1,1],"4":[15,3,2,2,3,2,21,21,25,1]},"_coverageSchema":"43e27e138ebf9cfc5966b082cf9a028302ed4184","hash":"21f53ca98ecf522dab5c5721585a2ad1b70f8989"}
}
