TN:
SF:/Users/gabrielpenalva/Documents/Skylab Hired/gabriel-penalva-skylab-hired/Client/skylab-hired/src/App.js
FN:20,App
FN:25,(anonymous_1)
FN:32,(anonymous_2)
FN:37,onChange
FN:49,(anonymous_4)
FN:57,(anonymous_5)
FN:70,(anonymous_6)
FN:80,(anonymous_7)
FN:88,(anonymous_8)
FN:96,(anonymous_9)
FN:104,(anonymous_10)
FN:114,(anonymous_11)
FN:122,(anonymous_12)
FNF:13
FNH:0
FNDA:0,App
FNDA:0,(anonymous_1)
FNDA:0,(anonymous_2)
FNDA:0,onChange
FNDA:0,(anonymous_4)
FNDA:0,(anonymous_5)
FNDA:0,(anonymous_6)
FNDA:0,(anonymous_7)
FNDA:0,(anonymous_8)
FNDA:0,(anonymous_9)
FNDA:0,(anonymous_10)
FNDA:0,(anonymous_11)
FNDA:0,(anonymous_12)
DA:21,0
DA:22,0
DA:23,0
DA:25,0
DA:26,0
DA:27,0
DA:28,0
DA:29,0
DA:30,0
DA:32,0
DA:33,0
DA:38,0
DA:39,0
DA:40,0
DA:44,0
DA:50,0
DA:58,0
DA:71,0
DA:81,0
DA:89,0
DA:97,0
DA:105,0
DA:115,0
DA:123,0
LF:24
LH:0
BRDA:28,0,0,0
BRDA:28,0,1,0
BRDA:29,1,0,0
BRDA:29,1,1,0
BRDA:47,2,0,0
BRDA:47,2,1,0
BRDA:53,3,0,0
BRDA:53,3,1,0
BRDA:61,4,0,0
BRDA:61,4,1,0
BRDA:67,5,0,0
BRDA:67,5,1,0
BRDA:74,6,0,0
BRDA:74,6,1,0
BRDA:83,7,0,0
BRDA:83,7,1,0
BRDA:84,8,0,0
BRDA:84,8,1,0
BRDA:92,9,0,0
BRDA:92,9,1,0
BRDA:100,10,0,0
BRDA:100,10,1,0
BRDA:108,11,0,0
BRDA:108,11,1,0
BRDA:118,12,0,0
BRDA:118,12,1,0
BRDA:126,13,0,0
BRDA:126,13,1,0
BRF:28
BRH:0
end_of_record
TN:
SF:/Users/gabrielpenalva/Documents/Skylab Hired/gabriel-penalva-skylab-hired/Client/skylab-hired/src/index.js
FNF:0
FNH:0
DA:10,0
DA:23,0
LF:2
LH:0
BRF:0
BRH:0
end_of_record
TN:
SF:/Users/gabrielpenalva/Documents/Skylab Hired/gabriel-penalva-skylab-hired/Client/skylab-hired/src/serviceWorker.js
FN:23,register
FN:34,(anonymous_1)
FN:43,(anonymous_2)
FN:57,registerValidSW
FN:60,(anonymous_4)
FN:61,(anonymous_5)
FN:66,(anonymous_6)
FN:96,(anonymous_7)
FN:101,checkValidServiceWorker
FN:106,(anonymous_9)
FN:114,(anonymous_10)
FN:115,(anonymous_11)
FN:124,(anonymous_12)
FN:131,unregister
FN:134,(anonymous_14)
FN:137,(anonymous_15)
FNF:16
FNH:0
FNDA:0,register
FNDA:0,(anonymous_1)
FNDA:0,(anonymous_2)
FNDA:0,registerValidSW
FNDA:0,(anonymous_4)
FNDA:0,(anonymous_5)
FNDA:0,(anonymous_6)
FNDA:0,(anonymous_7)
FNDA:0,checkValidServiceWorker
FNDA:0,(anonymous_9)
FNDA:0,(anonymous_10)
FNDA:0,(anonymous_11)
FNDA:0,(anonymous_12)
FNDA:0,unregister
FNDA:0,(anonymous_14)
FNDA:0,(anonymous_15)
DA:13,0
DA:24,0
DA:26,0
DA:27,0
DA:31,0
DA:34,0
DA:35,0
DA:37,0
DA:39,0
DA:43,0
DA:44,0
DA:51,0
DA:58,0
DA:61,0
DA:62,0
DA:63,0
DA:64,0
DA:66,0
DA:67,0
DA:68,0
DA:72,0
DA:78,0
DA:79,0
DA:85,0
DA:88,0
DA:89,0
DA:97,0
DA:103,0
DA:108,0
DA:109,0
DA:114,0
DA:115,0
DA:116,0
DA:121,0
DA:125,0
DA:132,0
DA:133,0
DA:135,0
DA:138,0
LF:39
LH:0
BRDA:14,0,0,0
BRDA:14,0,1,0
BRDA:14,0,2,0
BRDA:24,1,0,0
BRDA:24,1,1,0
BRDA:24,2,0,0
BRDA:24,2,1,0
BRDA:27,3,0,0
BRDA:27,3,1,0
BRDA:37,4,0,0
BRDA:37,4,1,0
BRDA:63,5,0,0
BRDA:63,5,1,0
BRDA:67,6,0,0
BRDA:67,6,1,0
BRDA:68,7,0,0
BRDA:68,7,1,0
BRDA:78,8,0,0
BRDA:78,8,1,0
BRDA:78,9,0,0
BRDA:78,9,1,0
BRDA:88,10,0,0
BRDA:88,10,1,0
BRDA:88,11,0,0
BRDA:88,11,1,0
BRDA:109,12,0,0
BRDA:109,12,1,0
BRDA:110,13,0,0
BRDA:110,13,1,0
BRDA:110,13,2,0
BRDA:132,14,0,0
BRDA:132,14,1,0
BRF:32
BRH:0
end_of_record
TN:
SF:/Users/gabrielpenalva/Documents/Skylab Hired/gabriel-penalva-skylab-hired/Client/skylab-hired/src/actions/URL.js
FNF:0
FNH:0
DA:1,1
DA:2,1
LF:2
LH:2
BRF:0
BRH:0
end_of_record
TN:
SF:/Users/gabrielpenalva/Documents/Skylab Hired/gabriel-penalva-skylab-hired/Client/skylab-hired/src/actions/actionTypes.js
FNF:0
FNH:0
LF:0
LH:0
BRF:0
BRH:0
end_of_record
TN:
SF:/Users/gabrielpenalva/Documents/Skylab Hired/gabriel-penalva-skylab-hired/Client/skylab-hired/src/actions/userActions.js
FN:6,holdExceptions
FN:20,holdResponse
FN:34,loadDetails
FN:36,(anonymous_3)
FN:38,(anonymous_4)
FN:45,loginActions
FN:46,(anonymous_6)
FN:63,(anonymous_7)
FN:69,registerActions
FN:70,(anonymous_9)
FN:75,(anonymous_10)
FN:81,loadEntries
FN:84,(anonymous_12)
FN:87,(anonymous_13)
FN:93,loadComments
FN:96,(anonymous_15)
FN:101,(anonymous_16)
FN:107,addCommentActions
FN:110,(anonymous_18)
FN:115,(anonymous_19)
FN:121,addEntryAction
FN:123,(anonymous_21)
FN:127,(anonymous_22)
FN:132,editUser
FN:134,(anonymous_24)
FN:136,(anonymous_25)
FN:141,addPop
FN:143,(anonymous_27)
FN:145,(anonymous_28)
FN:150,addLike
FN:152,(anonymous_30)
FN:154,(anonymous_31)
FNF:32
FNH:32
FNDA:11,holdExceptions
FNDA:18,holdResponse
FNDA:3,loadDetails
FNDA:2,(anonymous_3)
FNDA:1,(anonymous_4)
FNDA:3,loginActions
FNDA:2,(anonymous_6)
FNDA:1,(anonymous_7)
FNDA:3,registerActions
FNDA:2,(anonymous_9)
FNDA:1,(anonymous_10)
FNDA:4,loadEntries
FNDA:2,(anonymous_12)
FNDA:2,(anonymous_13)
FNDA:3,loadComments
FNDA:2,(anonymous_15)
FNDA:1,(anonymous_16)
FNDA:3,addCommentActions
FNDA:2,(anonymous_18)
FNDA:1,(anonymous_19)
FNDA:3,addEntryAction
FNDA:2,(anonymous_21)
FNDA:1,(anonymous_22)
FNDA:3,editUser
FNDA:2,(anonymous_24)
FNDA:1,(anonymous_25)
FNDA:3,addPop
FNDA:2,(anonymous_27)
FNDA:1,(anonymous_28)
FNDA:3,addLike
FNDA:2,(anonymous_30)
FNDA:1,(anonymous_31)
DA:7,11
DA:8,10
DA:13,1
DA:21,18
DA:22,9
DA:27,9
DA:35,3
DA:36,3
DA:37,2
DA:39,1
DA:46,3
DA:48,2
DA:49,1
DA:50,1
DA:56,1
DA:64,1
DA:70,3
DA:71,2
DA:76,1
DA:83,4
DA:84,4
DA:85,2
DA:88,2
DA:95,3
DA:96,3
DA:98,2
DA:102,1
DA:108,3
DA:110,3
DA:112,2
DA:116,1
DA:122,3
DA:123,3
DA:125,2
DA:128,1
DA:133,3
DA:134,3
DA:135,2
DA:137,1
DA:142,3
DA:143,3
DA:144,2
DA:146,1
DA:151,3
DA:152,3
DA:153,2
DA:155,1
LF:47
LH:47
BRDA:7,0,0,10
BRDA:7,0,1,1
BRDA:7,1,0,11
BRDA:7,1,1,11
BRDA:7,1,2,10
BRDA:21,2,0,9
BRDA:21,2,1,9
BRDA:48,3,0,1
BRDA:48,3,1,1
BRF:9
BRH:9
end_of_record
TN:
SF:/Users/gabrielpenalva/Documents/Skylab Hired/gabriel-penalva-skylab-hired/Client/skylab-hired/src/components/addEntry.component.jsx
FN:17,AddEntry
FN:26,(anonymous_1)
FN:29,(anonymous_2)
FN:34,onChange
FN:38,handleCategory
FN:41,handleSpeciality
FN:45,handleSubmit
FN:118,(anonymous_7)
FN:140,(anonymous_8)
FN:151,(anonymous_9)
FN:163,(anonymous_10)
FNF:11
FNH:0
FNDA:0,AddEntry
FNDA:0,(anonymous_1)
FNDA:0,(anonymous_2)
FNDA:0,onChange
FNDA:0,handleCategory
FNDA:0,handleSpeciality
FNDA:0,handleSubmit
FNDA:0,(anonymous_7)
FNDA:0,(anonymous_8)
FNDA:0,(anonymous_9)
FNDA:0,(anonymous_10)
DA:18,0
DA:19,0
DA:20,0
DA:21,0
DA:22,0
DA:23,0
DA:24,0
DA:25,0
DA:26,0
DA:27,0
DA:29,0
DA:30,0
DA:35,0
DA:39,0
DA:42,0
DA:46,0
DA:48,0
DA:49,0
DA:58,0
DA:61,0
DA:118,0
DA:140,0
DA:151,0
DA:164,0
LF:24
LH:0
BRF:0
BRH:0
end_of_record
TN:
SF:/Users/gabrielpenalva/Documents/Skylab Hired/gabriel-penalva-skylab-hired/Client/skylab-hired/src/components/commentDetail.compoent.jsx
FN:7,CommentDetail
FN:15,likeUp
FN:23,submitText
FN:52,(anonymous_3)
FNF:4
FNH:0
FNDA:0,CommentDetail
FNDA:0,likeUp
FNDA:0,submitText
FNDA:0,(anonymous_3)
DA:8,0
DA:9,0
DA:10,0
DA:12,0
DA:13,0
DA:16,0
DA:17,0
DA:18,0
DA:19,0
DA:24,0
DA:25,0
DA:27,0
DA:52,0
LF:13
LH:0
BRDA:12,0,0,0
BRDA:12,0,1,0
BRDA:16,1,0,0
BRDA:16,1,1,0
BRDA:27,2,0,0
BRDA:27,2,1,0
BRF:6
BRH:0
end_of_record
TN:
SF:/Users/gabrielpenalva/Documents/Skylab Hired/gabriel-penalva-skylab-hired/Client/skylab-hired/src/components/detail.component.jsx
FN:7,getLikes
FN:10,(anonymous_1)
FN:15,Detail
FN:22,upPop
FN:29,changeFav
FN:34,(anonymous_5)
FNF:6
FNH:0
FNDA:0,getLikes
FNDA:0,(anonymous_1)
FNDA:0,Detail
FNDA:0,upPop
FNDA:0,changeFav
FNDA:0,(anonymous_5)
DA:8,0
DA:9,0
DA:10,0
DA:12,0
DA:16,0
DA:19,0
DA:20,0
DA:23,0
DA:24,0
DA:25,0
DA:26,0
DA:30,0
DA:31,0
DA:32,0
DA:33,0
DA:34,0
DA:36,0
DA:37,0
DA:39,0
DA:40,0
DA:41,0
DA:42,0
DA:43,0
DA:47,0
LF:24
LH:0
BRDA:9,0,0,0
BRDA:9,0,1,0
BRDA:17,1,0,0
BRDA:17,1,1,0
BRDA:23,2,0,0
BRDA:23,2,1,0
BRDA:30,3,0,0
BRDA:30,3,1,0
BRDA:47,4,0,0
BRDA:47,4,1,0
BRDA:53,5,0,0
BRDA:53,5,1,0
BRDA:59,6,0,0
BRDA:59,6,1,0
BRDA:62,7,0,0
BRDA:62,7,1,0
BRDA:65,8,0,0
BRDA:65,8,1,0
BRDA:68,9,0,0
BRDA:68,9,1,0
BRDA:71,10,0,0
BRDA:71,10,1,0
BRDA:74,11,0,0
BRDA:74,11,1,0
BRDA:77,12,0,0
BRDA:77,12,1,0
BRDA:89,13,0,0
BRDA:89,13,1,0
BRDA:100,14,0,0
BRDA:100,14,1,0
BRF:30
BRH:0
end_of_record
TN:
SF:/Users/gabrielpenalva/Documents/Skylab Hired/gabriel-penalva-skylab-hired/Client/skylab-hired/src/components/entry.component.jsx
FN:19,Entry
FN:25,(anonymous_1)
FN:29,(anonymous_2)
FN:34,onChange
FN:37,assert
FN:60,(anonymous_5)
FNF:6
FNH:0
FNDA:0,Entry
FNDA:0,(anonymous_1)
FNDA:0,(anonymous_2)
FNDA:0,onChange
FNDA:0,assert
FNDA:0,(anonymous_5)
DA:9,0
DA:20,0
DA:21,0
DA:22,0
DA:23,0
DA:24,0
DA:25,0
DA:26,0
DA:27,0
DA:29,0
DA:30,0
DA:35,0
DA:38,0
DA:39,0
DA:41,0
DA:42,0
DA:44,0
DA:45,0
DA:47,0
DA:48,0
DA:50,0
DA:51,0
DA:54,0
DA:57,0
DA:61,0
DA:62,0
DA:63,0
DA:65,0
DA:66,0
DA:68,0
DA:70,0
DA:71,0
DA:73,0
DA:75,0
DA:77,0
LF:35
LH:0
BRDA:20,0,0,0
BRDA:20,0,1,0
BRDA:27,1,0,0
BRDA:27,1,1,0
BRDA:38,2,0,0
BRDA:38,2,1,0
BRDA:39,3,0,0
BRDA:39,3,1,0
BRDA:39,3,2,0
BRDA:39,3,3,0
BRDA:41,4,0,0
BRDA:41,4,1,0
BRDA:44,5,0,0
BRDA:44,5,1,0
BRDA:47,6,0,0
BRDA:47,6,1,0
BRDA:59,7,0,0
BRDA:59,7,1,0
BRDA:62,8,0,0
BRDA:62,8,1,0
BRDA:63,9,0,0
BRDA:63,9,1,0
BRDA:63,9,2,0
BRDA:65,10,0,0
BRDA:65,10,1,0
BRDA:66,11,0,0
BRDA:66,11,1,0
BRDA:70,12,0,0
BRDA:70,12,1,0
BRDA:71,13,0,0
BRDA:71,13,1,0
BRDA:77,14,0,0
BRDA:77,14,1,0
BRDA:83,15,0,0
BRDA:83,15,1,0
BRF:35
BRH:0
end_of_record
TN:
SF:/Users/gabrielpenalva/Documents/Skylab Hired/gabriel-penalva-skylab-hired/Client/skylab-hired/src/components/entryComment.component.jsx
FN:9,EntryComment
FN:15,(anonymous_1)
FN:23,(anonymous_2)
FN:28,onChange
FN:46,(anonymous_4)
FNF:5
FNH:0
FNDA:0,EntryComment
FNDA:0,(anonymous_1)
FNDA:0,(anonymous_2)
FNDA:0,onChange
FNDA:0,(anonymous_4)
DA:10,0
DA:11,0
DA:14,0
DA:15,0
DA:16,0
DA:17,0
DA:18,0
DA:20,0
DA:21,0
DA:23,0
DA:24,0
DA:29,0
DA:30,0
DA:31,0
DA:33,0
DA:34,0
DA:35,0
DA:36,0
DA:40,0
DA:47,0
LF:20
LH:0
BRDA:14,0,0,0
BRDA:14,0,1,0
BRDA:17,1,0,0
BRDA:17,1,1,0
BRDA:20,2,0,0
BRDA:20,2,1,0
BRDA:30,3,0,0
BRDA:30,3,1,0
BRDA:33,4,0,0
BRDA:33,4,1,0
BRDA:42,5,0,0
BRDA:42,5,1,0
BRDA:45,6,0,0
BRDA:45,6,1,0
BRDA:57,7,0,0
BRDA:57,7,1,0
BRF:16
BRH:0
end_of_record
TN:
SF:/Users/gabrielpenalva/Documents/Skylab Hired/gabriel-penalva-skylab-hired/Client/skylab-hired/src/components/footer.component.jsx
FN:4,Footer
FNF:1
FNH:0
FNDA:0,Footer
DA:5,0
LF:1
LH:0
BRF:0
BRH:0
end_of_record
TN:
SF:/Users/gabrielpenalva/Documents/Skylab Hired/gabriel-penalva-skylab-hired/Client/skylab-hired/src/components/home.component.jsx
FN:14,Home
FNF:1
FNH:0
FNDA:0,Home
DA:5,0
DA:15,0
LF:2
LH:0
BRF:0
BRH:0
end_of_record
TN:
SF:/Users/gabrielpenalva/Documents/Skylab Hired/gabriel-penalva-skylab-hired/Client/skylab-hired/src/components/login.component.jsx
FN:9,Login
FN:14,(anonymous_1)
FN:19,(anonymous_2)
FN:24,onChange
FN:27,sendUser
FN:49,(anonymous_5)
FN:61,(anonymous_6)
FN:65,(anonymous_7)
FNF:8
FNH:0
FNDA:0,Login
FNDA:0,(anonymous_1)
FNDA:0,(anonymous_2)
FNDA:0,onChange
FNDA:0,sendUser
FNDA:0,(anonymous_5)
FNDA:0,(anonymous_6)
FNDA:0,(anonymous_7)
DA:10,0
DA:11,0
DA:12,0
DA:14,0
DA:15,0
DA:16,0
DA:17,0
DA:19,0
DA:20,0
DA:25,0
DA:28,0
DA:30,0
DA:31,0
DA:34,0
DA:49,0
DA:61,0
DA:65,0
LF:17
LH:0
BRDA:16,0,0,0
BRDA:16,0,1,0
BRDA:30,1,0,0
BRDA:30,1,1,0
BRF:4
BRH:0
end_of_record
TN:
SF:/Users/gabrielpenalva/Documents/Skylab Hired/gabriel-penalva-skylab-hired/Client/skylab-hired/src/components/logo.component.jsx
FN:4,Logo
FNF:1
FNH:0
FNDA:0,Logo
DA:5,0
LF:1
LH:0
BRF:0
BRH:0
end_of_record
TN:
SF:/Users/gabrielpenalva/Documents/Skylab Hired/gabriel-penalva-skylab-hired/Client/skylab-hired/src/components/nav.component.jsx
FN:7,Nav
FN:10,logout
FN:33,(anonymous_2)
FNF:3
FNH:0
FNDA:0,Nav
FNDA:0,logout
FNDA:0,(anonymous_2)
DA:8,0
DA:9,0
DA:11,0
DA:12,0
DA:14,0
DA:33,0
LF:6
LH:0
BRDA:24,0,0,0
BRDA:24,0,1,0
BRF:2
BRH:0
end_of_record
TN:
SF:/Users/gabrielpenalva/Documents/Skylab Hired/gabriel-penalva-skylab-hired/Client/skylab-hired/src/components/popup.component.jsx
FN:6,Alert
FN:10,(anonymous_1)
FN:19,PopUp
FN:23,(anonymous_3)
FNF:4
FNH:0
FNDA:0,Alert
FNDA:0,(anonymous_1)
FNDA:0,PopUp
FNDA:0,(anonymous_3)
DA:7,0
DA:10,3
DA:20,0
DA:21,0
DA:23,0
DA:24,0
DA:25,0
DA:28,0
DA:31,0
LF:9
LH:1
BRDA:24,0,0,0
BRDA:24,0,1,0
BRF:2
BRH:0
end_of_record
TN:
SF:/Users/gabrielpenalva/Documents/Skylab Hired/gabriel-penalva-skylab-hired/Client/skylab-hired/src/components/profile.component.jsx
FN:8,Profile
FN:10,(anonymous_1)
FN:13,(anonymous_2)
FN:17,onChange
FNF:4
FNH:0
FNDA:0,Profile
FNDA:0,(anonymous_1)
FNDA:0,(anonymous_2)
FNDA:0,onChange
DA:9,0
DA:10,0
DA:11,0
DA:13,0
DA:14,0
DA:18,0
DA:20,0
DA:22,0
DA:23,0
DA:25,0
LF:10
LH:0
BRDA:22,0,0,0
BRDA:22,0,1,0
BRF:2
BRH:0
end_of_record
TN:
SF:/Users/gabrielpenalva/Documents/Skylab Hired/gabriel-penalva-skylab-hired/Client/skylab-hired/src/components/register.component.jsx
FN:8,Register
FN:16,(anonymous_1)
FN:19,(anonymous_2)
FN:24,onChange
FN:42,(anonymous_4)
FN:53,(anonymous_5)
FN:65,(anonymous_6)
FN:78,(anonymous_7)
FN:90,(anonymous_8)
FN:108,(anonymous_9)
FNF:10
FNH:0
FNDA:0,Register
FNDA:0,(anonymous_1)
FNDA:0,(anonymous_2)
FNDA:0,onChange
FNDA:0,(anonymous_4)
FNDA:0,(anonymous_5)
FNDA:0,(anonymous_6)
FNDA:0,(anonymous_7)
FNDA:0,(anonymous_8)
FNDA:0,(anonymous_9)
DA:9,0
DA:10,0
DA:11,0
DA:12,0
DA:13,0
DA:14,0
DA:16,0
DA:17,0
DA:19,0
DA:20,0
DA:25,0
DA:28,0
DA:29,0
DA:30,0
DA:33,0
DA:43,0
DA:53,0
DA:65,0
DA:78,0
DA:91,0
DA:108,0
LF:21
LH:0
BRDA:28,0,0,0
BRDA:28,0,1,0
BRF:2
BRH:0
end_of_record
TN:
SF:/Users/gabrielpenalva/Documents/Skylab Hired/gabriel-penalva-skylab-hired/Client/skylab-hired/src/components/userEntries.component.jsx
FN:8,UserEntries
FN:11,(anonymous_1)
FN:16,(anonymous_2)
FN:21,onChange
FN:28,(anonymous_4)
FNF:5
FNH:0
FNDA:0,UserEntries
FNDA:0,(anonymous_1)
FNDA:0,(anonymous_2)
FNDA:0,onChange
FNDA:0,(anonymous_4)
DA:9,0
DA:10,0
DA:11,0
DA:12,0
DA:13,0
DA:14,0
DA:16,0
DA:17,0
DA:22,0
DA:25,0
DA:29,0
LF:11
LH:0
BRDA:13,0,0,0
BRDA:13,0,1,0
BRDA:27,1,0,0
BRDA:27,1,1,0
BRDA:32,2,0,0
BRDA:32,2,1,0
BRF:6
BRH:0
end_of_record
TN:
SF:/Users/gabrielpenalva/Documents/Skylab Hired/gabriel-penalva-skylab-hired/Client/skylab-hired/src/dispatcher/dispatcher.js
FNF:0
FNH:0
DA:3,2
LF:1
LH:1
BRF:0
BRH:0
end_of_record
TN:
SF:/Users/gabrielpenalva/Documents/Skylab Hired/gabriel-penalva-skylab-hired/Client/skylab-hired/src/errors/errorsHandle.js
FN:10,errorsHandle
FNF:1
FNH:1
FNDA:4,errorsHandle
DA:4,3
DA:11,4
DA:12,4
DA:13,4
DA:14,4
DA:19,1
DA:20,1
DA:23,1
DA:24,1
DA:27,1
DA:28,1
DA:31,1
DA:32,1
DA:34,4
LF:14
LH:14
BRDA:14,0,0,1
BRDA:14,0,1,1
BRDA:14,0,2,1
BRDA:14,0,3,1
BRDA:14,0,4,1
BRDA:14,0,5,1
BRDA:14,0,6,1
BRDA:14,0,7,1
BRF:8
BRH:8
end_of_record
TN:
SF:/Users/gabrielpenalva/Documents/Skylab Hired/gabriel-penalva-skylab-hired/Client/skylab-hired/src/icons/icons.js
FNF:0
FNH:0
DA:2,0
LF:1
LH:0
BRF:0
BRH:0
end_of_record
TN:
SF:/Users/gabrielpenalva/Documents/Skylab Hired/gabriel-penalva-skylab-hired/Client/skylab-hired/src/icons/navIcons.js
FNF:0
FNH:0
DA:1,0
LF:1
LH:0
BRF:0
BRH:0
end_of_record
TN:
SF:/Users/gabrielpenalva/Documents/Skylab Hired/gabriel-penalva-skylab-hired/Client/skylab-hired/src/store/store.js
FN:23,(anonymous_0)
FN:27,(anonymous_1)
FN:31,(anonymous_2)
FN:35,(anonymous_3)
FN:39,(anonymous_4)
FN:42,(anonymous_5)
FN:49,(anonymous_6)
FN:52,(anonymous_7)
FN:53,(anonymous_8)
FN:56,(anonymous_9)
FN:59,(anonymous_10)
FN:61,(anonymous_11)
FN:71,(anonymous_12)
FN:80,(anonymous_13)
FN:85,(anonymous_14)
FN:89,(anonymous_15)
FN:93,(anonymous_16)
FN:96,(anonymous_17)
FN:103,(anonymous_18)
FN:106,(anonymous_19)
FN:113,(anonymous_20)
FNF:21
FNH:20
FNDA:12,(anonymous_0)
FNDA:12,(anonymous_1)
FNDA:53,(anonymous_2)
FNDA:3,(anonymous_3)
FNDA:3,(anonymous_4)
FNDA:1,(anonymous_5)
FNDA:1,(anonymous_6)
FNDA:1,(anonymous_7)
FNDA:1,(anonymous_8)
FNDA:3,(anonymous_9)
FNDA:8,(anonymous_10)
FNDA:12,(anonymous_11)
FNDA:2,(anonymous_12)
FNDA:1,(anonymous_13)
FNDA:1,(anonymous_14)
FNDA:2,(anonymous_15)
FNDA:2,(anonymous_16)
FNDA:0,(anonymous_17)
FNDA:3,(anonymous_18)
FNDA:1,(anonymous_19)
FNDA:53,(anonymous_20)
DA:12,2
DA:13,2
DA:14,2
DA:15,2
DA:16,2
DA:17,2
DA:18,2
DA:24,12
DA:28,12
DA:32,53
DA:36,3
DA:40,3
DA:43,1
DA:44,1
DA:50,1
DA:53,1
DA:54,1
DA:57,3
DA:59,3
DA:60,8
DA:61,12
DA:62,5
DA:63,3
DA:66,5
DA:69,3
DA:72,2
DA:73,1
DA:74,1
DA:76,1
DA:81,1
DA:82,1
DA:83,1
DA:86,1
DA:90,2
DA:91,2
DA:94,2
DA:96,1
DA:97,0
DA:98,0
DA:104,3
DA:107,1
DA:112,2
DA:113,2
DA:114,53
DA:116,15
DA:117,15
DA:118,15
DA:120,3
DA:121,3
DA:122,3
DA:123,3
DA:125,2
DA:126,2
DA:127,2
DA:128,2
DA:130,2
DA:131,2
DA:132,2
DA:134,3
DA:135,3
DA:136,3
DA:138,2
DA:139,2
DA:140,2
DA:141,2
DA:145,25
DA:146,25
DA:147,25
DA:150,1
LF:69
LH:67
BRDA:60,0,0,5
BRDA:60,0,1,3
BRDA:62,1,0,3
BRDA:62,1,1,2
BRDA:72,2,0,1
BRDA:72,2,1,1
BRDA:94,3,0,1
BRDA:94,3,1,1
BRDA:114,4,0,15
BRDA:114,4,1,3
BRDA:114,4,2,2
BRDA:114,4,3,2
BRDA:114,4,4,3
BRDA:114,4,5,2
BRDA:114,4,6,21
BRDA:114,4,7,21
BRDA:114,4,8,25
BRDA:114,4,9,1
BRF:18
BRH:18
end_of_record
